[31merror[39m: [31muncaughtException: app.static is not a function[39m
[31mTypeError: app.static is not a function[39m
[31m    at Object.initialize (D:\Development\Nodejs\projects\Generic-Server\code\generic server\src\server\middleware.ts:21:23)[39m
[31m    at new Server (D:\Development\Nodejs\projects\Generic-Server\code\generic server\src\server\server.ts:20:20)[39m
[31m    at Object.<anonymous> (D:\Development\Nodejs\projects\Generic-Server\code\generic server\src\server\server.ts:85:16)[39m
[31m    at Module._compile (internal/modules/cjs/loader.js:654:30)[39m
[31m    at Module.m._compile (D:\Development\Nodejs\projects\Generic-Server\code\generic server\node_modules\ts-node\src\index.ts:439:23)[39m
[31m    at Module._extensions..js (internal/modules/cjs/loader.js:665:10)[39m
[31m    at Object.require.extensions.(anonymous function) [as .ts] (D:\Development\Nodejs\projects\Generic-Server\code\generic server\node_modules\ts-node\src\index.ts:442:12)[39m
[31m    at Module.load (internal/modules/cjs/loader.js:566:32)[39m
[31m    at tryModuleLoad (internal/modules/cjs/loader.js:506:12)[39m
[31m    at Function.Module._load (internal/modules/cjs/loader.js:498:3)[39m
[31m    at Module.require (internal/modules/cjs/loader.js:598:17)[39m
[31m    at require (internal/modules/cjs/helpers.js:11:18)[39m
[31m    at Object.<anonymous> (D:\Development\Nodejs\projects\Generic-Server\code\generic server\src\app.ts:2:1)[39m
[31m    at Module._compile (internal/modules/cjs/loader.js:654:30)[39m
[31m    at Module.m._compile (D:\Development\Nodejs\projects\Generic-Server\code\generic server\node_modules\ts-node\src\index.ts:439:23)[39m
[31m    at Module._extensions..js (internal/modules/cjs/loader.js:665:10)[39m {"error":{},"stack":"TypeError: app.static is not a function\n    at Object.initialize (D:\\Development\\Nodejs\\projects\\Generic-Server\\code\\generic server\\src\\server\\middleware.ts:21:23)\n    at new Server (D:\\Development\\Nodejs\\projects\\Generic-Server\\code\\generic server\\src\\server\\server.ts:20:20)\n    at Object.<anonymous> (D:\\Development\\Nodejs\\projects\\Generic-Server\\code\\generic server\\src\\server\\server.ts:85:16)\n    at Module._compile (internal/modules/cjs/loader.js:654:30)\n    at Module.m._compile (D:\\Development\\Nodejs\\projects\\Generic-Server\\code\\generic server\\node_modules\\ts-node\\src\\index.ts:439:23)\n    at Module._extensions..js (internal/modules/cjs/loader.js:665:10)\n    at Object.require.extensions.(anonymous function) [as .ts] (D:\\Development\\Nodejs\\projects\\Generic-Server\\code\\generic server\\node_modules\\ts-node\\src\\index.ts:442:12)\n    at Module.load (internal/modules/cjs/loader.js:566:32)\n    at tryModuleLoad (internal/modules/cjs/loader.js:506:12)\n    at Function.Module._load (internal/modules/cjs/loader.js:498:3)\n    at Module.require (internal/modules/cjs/loader.js:598:17)\n    at require (internal/modules/cjs/helpers.js:11:18)\n    at Object.<anonymous> (D:\\Development\\Nodejs\\projects\\Generic-Server\\code\\generic server\\src\\app.ts:2:1)\n    at Module._compile (internal/modules/cjs/loader.js:654:30)\n    at Module.m._compile (D:\\Development\\Nodejs\\projects\\Generic-Server\\code\\generic server\\node_modules\\ts-node\\src\\index.ts:439:23)\n    at Module._extensions..js (internal/modules/cjs/loader.js:665:10)","exception":true,"date":"Wed Oct 31 2018 16:44:18 GMT+0530 (India Standard Time)","process":{"pid":10900,"uid":null,"gid":null,"cwd":"D:\\Development\\Nodejs\\projects\\Generic-Server\\code\\generic server","execPath":"C:\\Program Files\\nodejs\\node.exe","version":"v9.11.1","argv":["node","D:\\Development\\Nodejs\\projects\\Generic-Server\\code\\generic server\\src\\app.ts"],"memoryUsage":{"rss":133840896,"heapTotal":119906304,"heapUsed":81089288,"external":18375930}},"os":{"loadavg":[0,0,0],"uptime":8905.0206166},"trace":[{"column":23,"file":"D:\\Development\\Nodejs\\projects\\Generic-Server\\code\\generic server\\src\\server\\middleware.ts","function":"Object.initialize","line":21,"method":"initialize","native":false},{"column":20,"file":"D:\\Development\\Nodejs\\projects\\Generic-Server\\code\\generic server\\src\\server\\server.ts","function":"new Server","line":20,"method":null,"native":false},{"column":16,"file":"D:\\Development\\Nodejs\\projects\\Generic-Server\\code\\generic server\\src\\server\\server.ts","function":null,"line":85,"method":null,"native":false},{"column":30,"file":"internal/modules/cjs/loader.js","function":"Module._compile","line":654,"method":"_compile","native":false},{"column":23,"file":"D:\\Development\\Nodejs\\projects\\Generic-Server\\code\\generic server\\node_modules\\ts-node\\src\\index.ts","function":"Module.m._compile","line":439,"method":"_compile","native":false},{"column":10,"file":"internal/modules/cjs/loader.js","function":"Module._extensions..js","line":665,"method":".js","native":false},{"column":12,"file":"D:\\Development\\Nodejs\\projects\\Generic-Server\\code\\generic server\\node_modules\\ts-node\\src\\index.ts","function":"Object.require.extensions.(anonymous function) [as .ts]","line":442,"method":"ts]","native":false},{"column":32,"file":"internal/modules/cjs/loader.js","function":"Module.load","line":566,"method":"load","native":false},{"column":12,"file":"internal/modules/cjs/loader.js","function":"tryModuleLoad","line":506,"method":null,"native":false},{"column":3,"file":"internal/modules/cjs/loader.js","function":"Module._load","line":498,"method":"_load","native":false},{"column":17,"file":"internal/modules/cjs/loader.js","function":"Module.require","line":598,"method":"require","native":false},{"column":18,"file":"internal/modules/cjs/helpers.js","function":"require","line":11,"method":null,"native":false},{"column":1,"file":"D:\\Development\\Nodejs\\projects\\Generic-Server\\code\\generic server\\src\\app.ts","function":null,"line":2,"method":null,"native":false},{"column":30,"file":"internal/modules/cjs/loader.js","function":"Module._compile","line":654,"method":"_compile","native":false},{"column":23,"file":"D:\\Development\\Nodejs\\projects\\Generic-Server\\code\\generic server\\node_modules\\ts-node\\src\\index.ts","function":"Module.m._compile","line":439,"method":"_compile","native":false},{"column":10,"file":"internal/modules/cjs/loader.js","function":"Module._extensions..js","line":665,"method":".js","native":false}],"timestamp":"2018-10-31T11:14:18.519Z"}
[31merror[39m: [31muncaughtException: app.static is not a function[39m
[31mTypeError: app.static is not a function[39m
[31m    at Object.initialize (D:\Development\Nodejs\projects\Generic-Server\code\generic server\src\server\middleware.ts:22:23)[39m
[31m    at new Server (D:\Development\Nodejs\projects\Generic-Server\code\generic server\src\server\server.ts:20:20)[39m
[31m    at Object.<anonymous> (D:\Development\Nodejs\projects\Generic-Server\code\generic server\src\server\server.ts:85:16)[39m
[31m    at Module._compile (internal/modules/cjs/loader.js:654:30)[39m
[31m    at Module.m._compile (D:\Development\Nodejs\projects\Generic-Server\code\generic server\node_modules\ts-node\src\index.ts:439:23)[39m
[31m    at Module._extensions..js (internal/modules/cjs/loader.js:665:10)[39m
[31m    at Object.require.extensions.(anonymous function) [as .ts] (D:\Development\Nodejs\projects\Generic-Server\code\generic server\node_modules\ts-node\src\index.ts:442:12)[39m
[31m    at Module.load (internal/modules/cjs/loader.js:566:32)[39m
[31m    at tryModuleLoad (internal/modules/cjs/loader.js:506:12)[39m
[31m    at Function.Module._load (internal/modules/cjs/loader.js:498:3)[39m
[31m    at Module.require (internal/modules/cjs/loader.js:598:17)[39m
[31m    at require (internal/modules/cjs/helpers.js:11:18)[39m
[31m    at Object.<anonymous> (D:\Development\Nodejs\projects\Generic-Server\code\generic server\src\app.ts:2:1)[39m
[31m    at Module._compile (internal/modules/cjs/loader.js:654:30)[39m
[31m    at Module.m._compile (D:\Development\Nodejs\projects\Generic-Server\code\generic server\node_modules\ts-node\src\index.ts:439:23)[39m
[31m    at Module._extensions..js (internal/modules/cjs/loader.js:665:10)[39m {"error":{},"stack":"TypeError: app.static is not a function\n    at Object.initialize (D:\\Development\\Nodejs\\projects\\Generic-Server\\code\\generic server\\src\\server\\middleware.ts:22:23)\n    at new Server (D:\\Development\\Nodejs\\projects\\Generic-Server\\code\\generic server\\src\\server\\server.ts:20:20)\n    at Object.<anonymous> (D:\\Development\\Nodejs\\projects\\Generic-Server\\code\\generic server\\src\\server\\server.ts:85:16)\n    at Module._compile (internal/modules/cjs/loader.js:654:30)\n    at Module.m._compile (D:\\Development\\Nodejs\\projects\\Generic-Server\\code\\generic server\\node_modules\\ts-node\\src\\index.ts:439:23)\n    at Module._extensions..js (internal/modules/cjs/loader.js:665:10)\n    at Object.require.extensions.(anonymous function) [as .ts] (D:\\Development\\Nodejs\\projects\\Generic-Server\\code\\generic server\\node_modules\\ts-node\\src\\index.ts:442:12)\n    at Module.load (internal/modules/cjs/loader.js:566:32)\n    at tryModuleLoad (internal/modules/cjs/loader.js:506:12)\n    at Function.Module._load (internal/modules/cjs/loader.js:498:3)\n    at Module.require (internal/modules/cjs/loader.js:598:17)\n    at require (internal/modules/cjs/helpers.js:11:18)\n    at Object.<anonymous> (D:\\Development\\Nodejs\\projects\\Generic-Server\\code\\generic server\\src\\app.ts:2:1)\n    at Module._compile (internal/modules/cjs/loader.js:654:30)\n    at Module.m._compile (D:\\Development\\Nodejs\\projects\\Generic-Server\\code\\generic server\\node_modules\\ts-node\\src\\index.ts:439:23)\n    at Module._extensions..js (internal/modules/cjs/loader.js:665:10)","exception":true,"date":"Wed Oct 31 2018 16:47:26 GMT+0530 (India Standard Time)","process":{"pid":11020,"uid":null,"gid":null,"cwd":"D:\\Development\\Nodejs\\projects\\Generic-Server\\code\\generic server","execPath":"C:\\Program Files\\nodejs\\node.exe","version":"v9.11.1","argv":["node","D:\\Development\\Nodejs\\projects\\Generic-Server\\code\\generic server\\src\\app.ts"],"memoryUsage":{"rss":125304832,"heapTotal":111517696,"heapUsed":87446232,"external":18406939}},"os":{"loadavg":[0,0,0],"uptime":9093.3349202},"trace":[{"column":23,"file":"D:\\Development\\Nodejs\\projects\\Generic-Server\\code\\generic server\\src\\server\\middleware.ts","function":"Object.initialize","line":22,"method":"initialize","native":false},{"column":20,"file":"D:\\Development\\Nodejs\\projects\\Generic-Server\\code\\generic server\\src\\server\\server.ts","function":"new Server","line":20,"method":null,"native":false},{"column":16,"file":"D:\\Development\\Nodejs\\projects\\Generic-Server\\code\\generic server\\src\\server\\server.ts","function":null,"line":85,"method":null,"native":false},{"column":30,"file":"internal/modules/cjs/loader.js","function":"Module._compile","line":654,"method":"_compile","native":false},{"column":23,"file":"D:\\Development\\Nodejs\\projects\\Generic-Server\\code\\generic server\\node_modules\\ts-node\\src\\index.ts","function":"Module.m._compile","line":439,"method":"_compile","native":false},{"column":10,"file":"internal/modules/cjs/loader.js","function":"Module._extensions..js","line":665,"method":".js","native":false},{"column":12,"file":"D:\\Development\\Nodejs\\projects\\Generic-Server\\code\\generic server\\node_modules\\ts-node\\src\\index.ts","function":"Object.require.extensions.(anonymous function) [as .ts]","line":442,"method":"ts]","native":false},{"column":32,"file":"internal/modules/cjs/loader.js","function":"Module.load","line":566,"method":"load","native":false},{"column":12,"file":"internal/modules/cjs/loader.js","function":"tryModuleLoad","line":506,"method":null,"native":false},{"column":3,"file":"internal/modules/cjs/loader.js","function":"Module._load","line":498,"method":"_load","native":false},{"column":17,"file":"internal/modules/cjs/loader.js","function":"Module.require","line":598,"method":"require","native":false},{"column":18,"file":"internal/modules/cjs/helpers.js","function":"require","line":11,"method":null,"native":false},{"column":1,"file":"D:\\Development\\Nodejs\\projects\\Generic-Server\\code\\generic server\\src\\app.ts","function":null,"line":2,"method":null,"native":false},{"column":30,"file":"internal/modules/cjs/loader.js","function":"Module._compile","line":654,"method":"_compile","native":false},{"column":23,"file":"D:\\Development\\Nodejs\\projects\\Generic-Server\\code\\generic server\\node_modules\\ts-node\\src\\index.ts","function":"Module.m._compile","line":439,"method":"_compile","native":false},{"column":10,"file":"internal/modules/cjs/loader.js","function":"Module._extensions..js","line":665,"method":".js","native":false}],"timestamp":"2018-10-31T11:17:26.839Z"}
[31merror[39m: [31muncaughtException: Cannot read property 'get' of undefined[39m
[31mTypeError: Cannot read property 'get' of undefined[39m
[31m    at Object.initialize (D:\Development\Nodejs\projects\Generic-Server\code\generic server\src\routes\routes.ts:19:17)[39m
[31m    at new Server (D:\Development\Nodejs\projects\Generic-Server\code\generic server\src\server\server.ts:21:16)[39m
[31m    at Object.<anonymous> (D:\Development\Nodejs\projects\Generic-Server\code\generic server\src\server\server.ts:84:16)[39m
[31m    at Module._compile (internal/modules/cjs/loader.js:654:30)[39m
[31m    at Module.m._compile (D:\Development\Nodejs\projects\Generic-Server\code\generic server\node_modules\ts-node\src\index.ts:439:23)[39m
[31m    at Module._extensions..js (internal/modules/cjs/loader.js:665:10)[39m
[31m    at Object.require.extensions.(anonymous function) [as .ts] (D:\Development\Nodejs\projects\Generic-Server\code\generic server\node_modules\ts-node\src\index.ts:442:12)[39m
[31m    at Module.load (internal/modules/cjs/loader.js:566:32)[39m
[31m    at tryModuleLoad (internal/modules/cjs/loader.js:506:12)[39m
[31m    at Function.Module._load (internal/modules/cjs/loader.js:498:3)[39m
[31m    at Module.require (internal/modules/cjs/loader.js:598:17)[39m
[31m    at require (internal/modules/cjs/helpers.js:11:18)[39m
[31m    at Object.<anonymous> (D:\Development\Nodejs\projects\Generic-Server\code\generic server\src\app.ts:2:1)[39m
[31m    at Module._compile (internal/modules/cjs/loader.js:654:30)[39m
[31m    at Module.m._compile (D:\Development\Nodejs\projects\Generic-Server\code\generic server\node_modules\ts-node\src\index.ts:439:23)[39m
[31m    at Module._extensions..js (internal/modules/cjs/loader.js:665:10)[39m {"error":{},"stack":"TypeError: Cannot read property 'get' of undefined\n    at Object.initialize (D:\\Development\\Nodejs\\projects\\Generic-Server\\code\\generic server\\src\\routes\\routes.ts:19:17)\n    at new Server (D:\\Development\\Nodejs\\projects\\Generic-Server\\code\\generic server\\src\\server\\server.ts:21:16)\n    at Object.<anonymous> (D:\\Development\\Nodejs\\projects\\Generic-Server\\code\\generic server\\src\\server\\server.ts:84:16)\n    at Module._compile (internal/modules/cjs/loader.js:654:30)\n    at Module.m._compile (D:\\Development\\Nodejs\\projects\\Generic-Server\\code\\generic server\\node_modules\\ts-node\\src\\index.ts:439:23)\n    at Module._extensions..js (internal/modules/cjs/loader.js:665:10)\n    at Object.require.extensions.(anonymous function) [as .ts] (D:\\Development\\Nodejs\\projects\\Generic-Server\\code\\generic server\\node_modules\\ts-node\\src\\index.ts:442:12)\n    at Module.load (internal/modules/cjs/loader.js:566:32)\n    at tryModuleLoad (internal/modules/cjs/loader.js:506:12)\n    at Function.Module._load (internal/modules/cjs/loader.js:498:3)\n    at Module.require (internal/modules/cjs/loader.js:598:17)\n    at require (internal/modules/cjs/helpers.js:11:18)\n    at Object.<anonymous> (D:\\Development\\Nodejs\\projects\\Generic-Server\\code\\generic server\\src\\app.ts:2:1)\n    at Module._compile (internal/modules/cjs/loader.js:654:30)\n    at Module.m._compile (D:\\Development\\Nodejs\\projects\\Generic-Server\\code\\generic server\\node_modules\\ts-node\\src\\index.ts:439:23)\n    at Module._extensions..js (internal/modules/cjs/loader.js:665:10)","exception":true,"date":"Sat Nov 03 2018 16:00:50 GMT+0530 (India Standard Time)","process":{"pid":10796,"uid":null,"gid":null,"cwd":"D:\\Development\\Nodejs\\projects\\Generic-Server\\code\\generic server","execPath":"C:\\Program Files\\nodejs\\node.exe","version":"v9.11.1","argv":["node","D:\\Development\\Nodejs\\projects\\Generic-Server\\code\\generic server\\src\\app.ts"],"memoryUsage":{"rss":132624384,"heapTotal":115712000,"heapUsed":81755160,"external":18287032}},"os":{"loadavg":[0,0,0],"uptime":2848.9200716},"trace":[{"column":17,"file":"D:\\Development\\Nodejs\\projects\\Generic-Server\\code\\generic server\\src\\routes\\routes.ts","function":"Object.initialize","line":19,"method":"initialize","native":false},{"column":16,"file":"D:\\Development\\Nodejs\\projects\\Generic-Server\\code\\generic server\\src\\server\\server.ts","function":"new Server","line":21,"method":null,"native":false},{"column":16,"file":"D:\\Development\\Nodejs\\projects\\Generic-Server\\code\\generic server\\src\\server\\server.ts","function":null,"line":84,"method":null,"native":false},{"column":30,"file":"internal/modules/cjs/loader.js","function":"Module._compile","line":654,"method":"_compile","native":false},{"column":23,"file":"D:\\Development\\Nodejs\\projects\\Generic-Server\\code\\generic server\\node_modules\\ts-node\\src\\index.ts","function":"Module.m._compile","line":439,"method":"_compile","native":false},{"column":10,"file":"internal/modules/cjs/loader.js","function":"Module._extensions..js","line":665,"method":".js","native":false},{"column":12,"file":"D:\\Development\\Nodejs\\projects\\Generic-Server\\code\\generic server\\node_modules\\ts-node\\src\\index.ts","function":"Object.require.extensions.(anonymous function) [as .ts]","line":442,"method":"ts]","native":false},{"column":32,"file":"internal/modules/cjs/loader.js","function":"Module.load","line":566,"method":"load","native":false},{"column":12,"file":"internal/modules/cjs/loader.js","function":"tryModuleLoad","line":506,"method":null,"native":false},{"column":3,"file":"internal/modules/cjs/loader.js","function":"Module._load","line":498,"method":"_load","native":false},{"column":17,"file":"internal/modules/cjs/loader.js","function":"Module.require","line":598,"method":"require","native":false},{"column":18,"file":"internal/modules/cjs/helpers.js","function":"require","line":11,"method":null,"native":false},{"column":1,"file":"D:\\Development\\Nodejs\\projects\\Generic-Server\\code\\generic server\\src\\app.ts","function":null,"line":2,"method":null,"native":false},{"column":30,"file":"internal/modules/cjs/loader.js","function":"Module._compile","line":654,"method":"_compile","native":false},{"column":23,"file":"D:\\Development\\Nodejs\\projects\\Generic-Server\\code\\generic server\\node_modules\\ts-node\\src\\index.ts","function":"Module.m._compile","line":439,"method":"_compile","native":false},{"column":10,"file":"internal/modules/cjs/loader.js","function":"Module._extensions..js","line":665,"method":".js","native":false}],"timestamp":"2018-11-03T10:30:50.428Z"}
[31merror[39m: [31muncaughtException: тип Unable to compile TypeScript:[39m
[31msrc/server/middleware.ts(87,29): error TS2304: Cannot find name 'Config'.[39m
[31msrc/server/middleware.ts(88,28): error TS2304: Cannot find name 'Config'.[39m
[31msrc/server/middleware.ts(89,34): error TS2304: Cannot find name 'Config'.[39m
[31msrc/server/middleware.ts(91,24): error TS2304: Cannot find name 'Config'.[39m
[31msrc/server/middleware.ts(92,26): error TS2304: Cannot find name 'Config'.[39m

[31mTSError: тип Unable to compile TypeScript:[39m
[31msrc/server/middleware.ts(87,29): error TS2304: Cannot find name 'Config'.[39m
[31msrc/server/middleware.ts(88,28): error TS2304: Cannot find name 'Config'.[39m
[31msrc/server/middleware.ts(89,34): error TS2304: Cannot find name 'Config'.[39m
[31msrc/server/middleware.ts(91,24): error TS2304: Cannot find name 'Config'.[39m
[31msrc/server/middleware.ts(92,26): error TS2304: Cannot find name 'Config'.[39m

[31m    at createTSError (D:\Development\Nodejs\projects\Generic-Server\code\generic server\node_modules\ts-node\src\index.ts:261:12)[39m
[31m    at getOutput (D:\Development\Nodejs\projects\Generic-Server\code\generic server\node_modules\ts-node\src\index.ts:367:40)[39m
[31m    at Object.compile (D:\Development\Nodejs\projects\Generic-Server\code\generic server\node_modules\ts-node\src\index.ts:558:11)[39m
[31m    at Module.m._compile (D:\Development\Nodejs\projects\Generic-Server\code\generic server\node_modules\ts-node\src\index.ts:439:43)[39m
[31m    at Module._extensions..js (internal/modules/cjs/loader.js:665:10)[39m
[31m    at Object.require.extensions.(anonymous function) [as .ts] (D:\Development\Nodejs\projects\Generic-Server\code\generic server\node_modules\ts-node\src\index.ts:442:12)[39m
[31m    at Module.load (internal/modules/cjs/loader.js:566:32)[39m
[31m    at tryModuleLoad (internal/modules/cjs/loader.js:506:12)[39m
[31m    at Function.Module._load (internal/modules/cjs/loader.js:498:3)[39m
[31m    at Module.require (internal/modules/cjs/loader.js:598:17)[39m
[31m    at require (internal/modules/cjs/helpers.js:11:18)[39m
[31m    at Object.<anonymous> (D:\Development\Nodejs\projects\Generic-Server\code\generic server\src\server\server.ts:8:1)[39m
[31m    at Module._compile (internal/modules/cjs/loader.js:654:30)[39m
[31m    at Module.m._compile (D:\Development\Nodejs\projects\Generic-Server\code\generic server\node_modules\ts-node\src\index.ts:439:23)[39m
[31m    at Module._extensions..js (internal/modules/cjs/loader.js:665:10)[39m
[31m    at Object.require.extensions.(anonymous function) [as .ts] (D:\Development\Nodejs\projects\Generic-Server\code\generic server\node_modules\ts-node\src\index.ts:442:12)[39m {"error":{"diagnosticText":"src/server/middleware.ts(87,29): error TS2304: Cannot find name 'Config'.\r\nsrc/server/middleware.ts(88,28): error TS2304: Cannot find name 'Config'.\r\nsrc/server/middleware.ts(89,34): error TS2304: Cannot find name 'Config'.\r\nsrc/server/middleware.ts(91,24): error TS2304: Cannot find name 'Config'.\r\nsrc/server/middleware.ts(92,26): error TS2304: Cannot find name 'Config'.\r\n","diagnosticCodes":[2304,2304,2304,2304,2304]},"stack":"TSError: тип Unable to compile TypeScript:\nsrc/server/middleware.ts(87,29): error TS2304: Cannot find name 'Config'.\r\nsrc/server/middleware.ts(88,28): error TS2304: Cannot find name 'Config'.\r\nsrc/server/middleware.ts(89,34): error TS2304: Cannot find name 'Config'.\r\nsrc/server/middleware.ts(91,24): error TS2304: Cannot find name 'Config'.\r\nsrc/server/middleware.ts(92,26): error TS2304: Cannot find name 'Config'.\r\n\n    at createTSError (D:\\Development\\Nodejs\\projects\\Generic-Server\\code\\generic server\\node_modules\\ts-node\\src\\index.ts:261:12)\n    at getOutput (D:\\Development\\Nodejs\\projects\\Generic-Server\\code\\generic server\\node_modules\\ts-node\\src\\index.ts:367:40)\n    at Object.compile (D:\\Development\\Nodejs\\projects\\Generic-Server\\code\\generic server\\node_modules\\ts-node\\src\\index.ts:558:11)\n    at Module.m._compile (D:\\Development\\Nodejs\\projects\\Generic-Server\\code\\generic server\\node_modules\\ts-node\\src\\index.ts:439:43)\n    at Module._extensions..js (internal/modules/cjs/loader.js:665:10)\n    at Object.require.extensions.(anonymous function) [as .ts] (D:\\Development\\Nodejs\\projects\\Generic-Server\\code\\generic server\\node_modules\\ts-node\\src\\index.ts:442:12)\n    at Module.load (internal/modules/cjs/loader.js:566:32)\n    at tryModuleLoad (internal/modules/cjs/loader.js:506:12)\n    at Function.Module._load (internal/modules/cjs/loader.js:498:3)\n    at Module.require (internal/modules/cjs/loader.js:598:17)\n    at require (internal/modules/cjs/helpers.js:11:18)\n    at Object.<anonymous> (D:\\Development\\Nodejs\\projects\\Generic-Server\\code\\generic server\\src\\server\\server.ts:8:1)\n    at Module._compile (internal/modules/cjs/loader.js:654:30)\n    at Module.m._compile (D:\\Development\\Nodejs\\projects\\Generic-Server\\code\\generic server\\node_modules\\ts-node\\src\\index.ts:439:23)\n    at Module._extensions..js (internal/modules/cjs/loader.js:665:10)\n    at Object.require.extensions.(anonymous function) [as .ts] (D:\\Development\\Nodejs\\projects\\Generic-Server\\code\\generic server\\node_modules\\ts-node\\src\\index.ts:442:12)","exception":true,"date":"Thu Nov 22 2018 18:20:58 GMT+0530 (India Standard Time)","process":{"pid":7860,"uid":null,"gid":null,"cwd":"D:\\Development\\Nodejs\\projects\\Generic-Server\\code\\generic server","execPath":"C:\\Program Files\\nodejs\\node.exe","version":"v9.11.1","argv":["node","D:\\Development\\Nodejs\\projects\\Generic-Server\\code\\generic server\\src\\app.ts"],"memoryUsage":{"rss":138522624,"heapTotal":118857728,"heapUsed":83203808,"external":18278840}},"os":{"loadavg":[0,0,0],"uptime":2673.3889239},"trace":[{"column":12,"file":"D:\\Development\\Nodejs\\projects\\Generic-Server\\code\\generic server\\node_modules\\ts-node\\src\\index.ts","function":"createTSError","line":261,"method":null,"native":false},{"column":40,"file":"D:\\Development\\Nodejs\\projects\\Generic-Server\\code\\generic server\\node_modules\\ts-node\\src\\index.ts","function":"getOutput","line":367,"method":null,"native":false},{"column":11,"file":"D:\\Development\\Nodejs\\projects\\Generic-Server\\code\\generic server\\node_modules\\ts-node\\src\\index.ts","function":"Object.compile","line":558,"method":"compile","native":false},{"column":43,"file":"D:\\Development\\Nodejs\\projects\\Generic-Server\\code\\generic server\\node_modules\\ts-node\\src\\index.ts","function":"Module.m._compile","line":439,"method":"_compile","native":false},{"column":10,"file":"internal/modules/cjs/loader.js","function":"Module._extensions..js","line":665,"method":".js","native":false},{"column":12,"file":"D:\\Development\\Nodejs\\projects\\Generic-Server\\code\\generic server\\node_modules\\ts-node\\src\\index.ts","function":"Object.require.extensions.(anonymous function) [as .ts]","line":442,"method":"ts]","native":false},{"column":32,"file":"internal/modules/cjs/loader.js","function":"Module.load","line":566,"method":"load","native":false},{"column":12,"file":"internal/modules/cjs/loader.js","function":"tryModuleLoad","line":506,"method":null,"native":false},{"column":3,"file":"internal/modules/cjs/loader.js","function":"Module._load","line":498,"method":"_load","native":false},{"column":17,"file":"internal/modules/cjs/loader.js","function":"Module.require","line":598,"method":"require","native":false},{"column":18,"file":"internal/modules/cjs/helpers.js","function":"require","line":11,"method":null,"native":false},{"column":1,"file":"D:\\Development\\Nodejs\\projects\\Generic-Server\\code\\generic server\\src\\server\\server.ts","function":null,"line":8,"method":null,"native":false},{"column":30,"file":"internal/modules/cjs/loader.js","function":"Module._compile","line":654,"method":"_compile","native":false},{"column":23,"file":"D:\\Development\\Nodejs\\projects\\Generic-Server\\code\\generic server\\node_modules\\ts-node\\src\\index.ts","function":"Module.m._compile","line":439,"method":"_compile","native":false},{"column":10,"file":"internal/modules/cjs/loader.js","function":"Module._extensions..js","line":665,"method":".js","native":false},{"column":12,"file":"D:\\Development\\Nodejs\\projects\\Generic-Server\\code\\generic server\\node_modules\\ts-node\\src\\index.ts","function":"Object.require.extensions.(anonymous function) [as .ts]","line":442,"method":"ts]","native":false}],"timestamp":"2018-11-22T12:50:58.888Z"}
[31merror[39m: [31muncaughtException: write after end[39m
[31mError [ERR_STREAM_WRITE_AFTER_END]: write after end[39m
[31m    at writeAfterEnd (_stream_writable.js:241:12)[39m
[31m    at Socket.Writable.write (_stream_writable.js:291:5)[39m
[31m    at Connection.write (D:\Development\Nodejs\projects\Generic-Server\code\generic server\node_modules\mongodb-core\lib\connection\connection.js:734:57)[39m
[31m    at D:\Development\Nodejs\projects\Generic-Server\code\generic server\node_modules\mongodb-core\lib\connection\pool.js:1563:44[39m
[31m    at waitForAuth (D:\Development\Nodejs\projects\Generic-Server\code\generic server\node_modules\mongodb-core\lib\connection\pool.js:1417:40)[39m
[31m    at D:\Development\Nodejs\projects\Generic-Server\code\generic server\node_modules\mongodb-core\lib\connection\pool.js:1425:5[39m
[31m    at D:\Development\Nodejs\projects\Generic-Server\code\generic server\node_modules\mongodb-core\lib\connection\pool.js:1278:23[39m
[31m    at process._tickCallback (internal/process/next_tick.js:176:11)[39m {"error":{},"stack":"Error [ERR_STREAM_WRITE_AFTER_END]: write after end\n    at writeAfterEnd (_stream_writable.js:241:12)\n    at Socket.Writable.write (_stream_writable.js:291:5)\n    at Connection.write (D:\\Development\\Nodejs\\projects\\Generic-Server\\code\\generic server\\node_modules\\mongodb-core\\lib\\connection\\connection.js:734:57)\n    at D:\\Development\\Nodejs\\projects\\Generic-Server\\code\\generic server\\node_modules\\mongodb-core\\lib\\connection\\pool.js:1563:44\n    at waitForAuth (D:\\Development\\Nodejs\\projects\\Generic-Server\\code\\generic server\\node_modules\\mongodb-core\\lib\\connection\\pool.js:1417:40)\n    at D:\\Development\\Nodejs\\projects\\Generic-Server\\code\\generic server\\node_modules\\mongodb-core\\lib\\connection\\pool.js:1425:5\n    at D:\\Development\\Nodejs\\projects\\Generic-Server\\code\\generic server\\node_modules\\mongodb-core\\lib\\connection\\pool.js:1278:23\n    at process._tickCallback (internal/process/next_tick.js:176:11)","exception":true,"date":"Sun Nov 25 2018 14:01:33 GMT+0530 (India Standard Time)","process":{"pid":6376,"uid":null,"gid":null,"cwd":"D:\\Development\\Nodejs\\projects\\Generic-Server\\code\\generic server","execPath":"C:\\Program Files\\nodejs\\node.exe","version":"v9.11.1","argv":["node","D:\\Development\\Nodejs\\projects\\Generic-Server\\code\\generic server\\src\\app.ts"],"memoryUsage":{"rss":104730624,"heapTotal":85827584,"heapUsed":80988072,"external":18362230}},"os":{"loadavg":[0,0,0],"uptime":246313.844199},"trace":[{"column":12,"file":"_stream_writable.js","function":"writeAfterEnd","line":241,"method":null,"native":false},{"column":5,"file":"_stream_writable.js","function":"Socket.Writable.write","line":291,"method":"write","native":false},{"column":57,"file":"D:\\Development\\Nodejs\\projects\\Generic-Server\\code\\generic server\\node_modules\\mongodb-core\\lib\\connection\\connection.js","function":"Connection.write","line":734,"method":"write","native":false},{"column":44,"file":"D:\\Development\\Nodejs\\projects\\Generic-Server\\code\\generic server\\node_modules\\mongodb-core\\lib\\connection\\pool.js","function":null,"line":1563,"method":null,"native":false},{"column":40,"file":"D:\\Development\\Nodejs\\projects\\Generic-Server\\code\\generic server\\node_modules\\mongodb-core\\lib\\connection\\pool.js","function":"waitForAuth","line":1417,"method":null,"native":false},{"column":5,"file":"D:\\Development\\Nodejs\\projects\\Generic-Server\\code\\generic server\\node_modules\\mongodb-core\\lib\\connection\\pool.js","function":null,"line":1425,"method":null,"native":false},{"column":23,"file":"D:\\Development\\Nodejs\\projects\\Generic-Server\\code\\generic server\\node_modules\\mongodb-core\\lib\\connection\\pool.js","function":null,"line":1278,"method":null,"native":false},{"column":11,"file":"internal/process/next_tick.js","function":"process._tickCallback","line":176,"method":"_tickCallback","native":false}],"timestamp":"2018-11-25T08:31:39.359Z"}
[31merror[39m: [31muncaughtException: Schema is not a constructor[39m
[31mTypeError: Schema is not a constructor[39m
[31m    at Object.<anonymous> (D:\Development\Nodejs\projects\Generic-Server\code\generic server\src\models\user.ts:8:27)[39m
[31m    at Module._compile (internal/modules/cjs/loader.js:654:30)[39m
[31m    at Module.m._compile (D:\Development\Nodejs\projects\Generic-Server\code\generic server\node_modules\ts-node\src\index.ts:439:23)[39m
[31m    at Module._extensions..js (internal/modules/cjs/loader.js:665:10)[39m
[31m    at Object.require.extensions.(anonymous function) [as .ts] (D:\Development\Nodejs\projects\Generic-Server\code\generic server\node_modules\ts-node\src\index.ts:442:12)[39m
[31m    at Module.load (internal/modules/cjs/loader.js:566:32)[39m
[31m    at tryModuleLoad (internal/modules/cjs/loader.js:506:12)[39m
[31m    at Function.Module._load (internal/modules/cjs/loader.js:498:3)[39m
[31m    at Module.require (internal/modules/cjs/loader.js:598:17)[39m
[31m    at require (internal/modules/cjs/helpers.js:11:18)[39m
[31m    at Object.<anonymous> (D:\Development\Nodejs\projects\Generic-Server\code\generic server\src\controllers\user-controller.ts:4:1)[39m
[31m    at Module._compile (internal/modules/cjs/loader.js:654:30)[39m
[31m    at Module.m._compile (D:\Development\Nodejs\projects\Generic-Server\code\generic server\node_modules\ts-node\src\index.ts:439:23)[39m
[31m    at Module._extensions..js (internal/modules/cjs/loader.js:665:10)[39m
[31m    at Object.require.extensions.(anonymous function) [as .ts] (D:\Development\Nodejs\projects\Generic-Server\code\generic server\node_modules\ts-node\src\index.ts:442:12)[39m
[31m    at Module.load (internal/modules/cjs/loader.js:566:32)[39m {"error":{},"stack":"TypeError: Schema is not a constructor\n    at Object.<anonymous> (D:\\Development\\Nodejs\\projects\\Generic-Server\\code\\generic server\\src\\models\\user.ts:8:27)\n    at Module._compile (internal/modules/cjs/loader.js:654:30)\n    at Module.m._compile (D:\\Development\\Nodejs\\projects\\Generic-Server\\code\\generic server\\node_modules\\ts-node\\src\\index.ts:439:23)\n    at Module._extensions..js (internal/modules/cjs/loader.js:665:10)\n    at Object.require.extensions.(anonymous function) [as .ts] (D:\\Development\\Nodejs\\projects\\Generic-Server\\code\\generic server\\node_modules\\ts-node\\src\\index.ts:442:12)\n    at Module.load (internal/modules/cjs/loader.js:566:32)\n    at tryModuleLoad (internal/modules/cjs/loader.js:506:12)\n    at Function.Module._load (internal/modules/cjs/loader.js:498:3)\n    at Module.require (internal/modules/cjs/loader.js:598:17)\n    at require (internal/modules/cjs/helpers.js:11:18)\n    at Object.<anonymous> (D:\\Development\\Nodejs\\projects\\Generic-Server\\code\\generic server\\src\\controllers\\user-controller.ts:4:1)\n    at Module._compile (internal/modules/cjs/loader.js:654:30)\n    at Module.m._compile (D:\\Development\\Nodejs\\projects\\Generic-Server\\code\\generic server\\node_modules\\ts-node\\src\\index.ts:439:23)\n    at Module._extensions..js (internal/modules/cjs/loader.js:665:10)\n    at Object.require.extensions.(anonymous function) [as .ts] (D:\\Development\\Nodejs\\projects\\Generic-Server\\code\\generic server\\node_modules\\ts-node\\src\\index.ts:442:12)\n    at Module.load (internal/modules/cjs/loader.js:566:32)","exception":true,"date":"Sun Nov 25 2018 15:00:57 GMT+0530 (India Standard Time)","process":{"pid":8020,"uid":null,"gid":null,"cwd":"D:\\Development\\Nodejs\\projects\\Generic-Server\\code\\generic server","execPath":"C:\\Program Files\\nodejs\\node.exe","version":"v9.11.1","argv":["node","D:\\Development\\Nodejs\\projects\\Generic-Server\\code\\generic server\\src\\app.ts"],"memoryUsage":{"rss":149958656,"heapTotal":129867776,"heapUsed":98454760,"external":18456838}},"os":{"loadavg":[0,0,0],"uptime":249871.6494738},"trace":[{"column":27,"file":"D:\\Development\\Nodejs\\projects\\Generic-Server\\code\\generic server\\src\\models\\user.ts","function":null,"line":8,"method":null,"native":false},{"column":30,"file":"internal/modules/cjs/loader.js","function":"Module._compile","line":654,"method":"_compile","native":false},{"column":23,"file":"D:\\Development\\Nodejs\\projects\\Generic-Server\\code\\generic server\\node_modules\\ts-node\\src\\index.ts","function":"Module.m._compile","line":439,"method":"_compile","native":false},{"column":10,"file":"internal/modules/cjs/loader.js","function":"Module._extensions..js","line":665,"method":".js","native":false},{"column":12,"file":"D:\\Development\\Nodejs\\projects\\Generic-Server\\code\\generic server\\node_modules\\ts-node\\src\\index.ts","function":"Object.require.extensions.(anonymous function) [as .ts]","line":442,"method":"ts]","native":false},{"column":32,"file":"internal/modules/cjs/loader.js","function":"Module.load","line":566,"method":"load","native":false},{"column":12,"file":"internal/modules/cjs/loader.js","function":"tryModuleLoad","line":506,"method":null,"native":false},{"column":3,"file":"internal/modules/cjs/loader.js","function":"Module._load","line":498,"method":"_load","native":false},{"column":17,"file":"internal/modules/cjs/loader.js","function":"Module.require","line":598,"method":"require","native":false},{"column":18,"file":"internal/modules/cjs/helpers.js","function":"require","line":11,"method":null,"native":false},{"column":1,"file":"D:\\Development\\Nodejs\\projects\\Generic-Server\\code\\generic server\\src\\controllers\\user-controller.ts","function":null,"line":4,"method":null,"native":false},{"column":30,"file":"internal/modules/cjs/loader.js","function":"Module._compile","line":654,"method":"_compile","native":false},{"column":23,"file":"D:\\Development\\Nodejs\\projects\\Generic-Server\\code\\generic server\\node_modules\\ts-node\\src\\index.ts","function":"Module.m._compile","line":439,"method":"_compile","native":false},{"column":10,"file":"internal/modules/cjs/loader.js","function":"Module._extensions..js","line":665,"method":".js","native":false},{"column":12,"file":"D:\\Development\\Nodejs\\projects\\Generic-Server\\code\\generic server\\node_modules\\ts-node\\src\\index.ts","function":"Object.require.extensions.(anonymous function) [as .ts]","line":442,"method":"ts]","native":false},{"column":32,"file":"internal/modules/cjs/loader.js","function":"Module.load","line":566,"method":"load","native":false}],"timestamp":"2018-11-25T09:30:57.149Z"}
[31merror[39m: [31muncaughtException: Schema is not a constructor[39m
[31mTypeError: Schema is not a constructor[39m
[31m    at Object.<anonymous> (D:\Development\Nodejs\projects\Generic-Server\code\generic server\src\models\user.ts:8:27)[39m
[31m    at Module._compile (internal/modules/cjs/loader.js:654:30)[39m
[31m    at Module.m._compile (D:\Development\Nodejs\projects\Generic-Server\code\generic server\node_modules\ts-node\src\index.ts:439:23)[39m
[31m    at Module._extensions..js (internal/modules/cjs/loader.js:665:10)[39m
[31m    at Object.require.extensions.(anonymous function) [as .ts] (D:\Development\Nodejs\projects\Generic-Server\code\generic server\node_modules\ts-node\src\index.ts:442:12)[39m
[31m    at Module.load (internal/modules/cjs/loader.js:566:32)[39m
[31m    at tryModuleLoad (internal/modules/cjs/loader.js:506:12)[39m
[31m    at Function.Module._load (internal/modules/cjs/loader.js:498:3)[39m
[31m    at Module.require (internal/modules/cjs/loader.js:598:17)[39m
[31m    at require (internal/modules/cjs/helpers.js:11:18)[39m
[31m    at Object.<anonymous> (D:\Development\Nodejs\projects\Generic-Server\code\generic server\src\controllers\user-controller.ts:4:1)[39m
[31m    at Module._compile (internal/modules/cjs/loader.js:654:30)[39m
[31m    at Module.m._compile (D:\Development\Nodejs\projects\Generic-Server\code\generic server\node_modules\ts-node\src\index.ts:439:23)[39m
[31m    at Module._extensions..js (internal/modules/cjs/loader.js:665:10)[39m
[31m    at Object.require.extensions.(anonymous function) [as .ts] (D:\Development\Nodejs\projects\Generic-Server\code\generic server\node_modules\ts-node\src\index.ts:442:12)[39m
[31m    at Module.load (internal/modules/cjs/loader.js:566:32)[39m {"error":{},"stack":"TypeError: Schema is not a constructor\n    at Object.<anonymous> (D:\\Development\\Nodejs\\projects\\Generic-Server\\code\\generic server\\src\\models\\user.ts:8:27)\n    at Module._compile (internal/modules/cjs/loader.js:654:30)\n    at Module.m._compile (D:\\Development\\Nodejs\\projects\\Generic-Server\\code\\generic server\\node_modules\\ts-node\\src\\index.ts:439:23)\n    at Module._extensions..js (internal/modules/cjs/loader.js:665:10)\n    at Object.require.extensions.(anonymous function) [as .ts] (D:\\Development\\Nodejs\\projects\\Generic-Server\\code\\generic server\\node_modules\\ts-node\\src\\index.ts:442:12)\n    at Module.load (internal/modules/cjs/loader.js:566:32)\n    at tryModuleLoad (internal/modules/cjs/loader.js:506:12)\n    at Function.Module._load (internal/modules/cjs/loader.js:498:3)\n    at Module.require (internal/modules/cjs/loader.js:598:17)\n    at require (internal/modules/cjs/helpers.js:11:18)\n    at Object.<anonymous> (D:\\Development\\Nodejs\\projects\\Generic-Server\\code\\generic server\\src\\controllers\\user-controller.ts:4:1)\n    at Module._compile (internal/modules/cjs/loader.js:654:30)\n    at Module.m._compile (D:\\Development\\Nodejs\\projects\\Generic-Server\\code\\generic server\\node_modules\\ts-node\\src\\index.ts:439:23)\n    at Module._extensions..js (internal/modules/cjs/loader.js:665:10)\n    at Object.require.extensions.(anonymous function) [as .ts] (D:\\Development\\Nodejs\\projects\\Generic-Server\\code\\generic server\\node_modules\\ts-node\\src\\index.ts:442:12)\n    at Module.load (internal/modules/cjs/loader.js:566:32)","exception":true,"date":"Sun Nov 25 2018 15:02:23 GMT+0530 (India Standard Time)","process":{"pid":1820,"uid":null,"gid":null,"cwd":"D:\\Development\\Nodejs\\projects\\Generic-Server\\code\\generic server","execPath":"C:\\Program Files\\nodejs\\node.exe","version":"v9.11.1","argv":["node","D:\\Development\\Nodejs\\projects\\Generic-Server\\code\\generic server\\src\\app.ts"],"memoryUsage":{"rss":74399744,"heapTotal":72572928,"heapUsed":39202624,"external":18381815}},"os":{"loadavg":[0,0,0],"uptime":249958.1105386},"trace":[{"column":27,"file":"D:\\Development\\Nodejs\\projects\\Generic-Server\\code\\generic server\\src\\models\\user.ts","function":null,"line":8,"method":null,"native":false},{"column":30,"file":"internal/modules/cjs/loader.js","function":"Module._compile","line":654,"method":"_compile","native":false},{"column":23,"file":"D:\\Development\\Nodejs\\projects\\Generic-Server\\code\\generic server\\node_modules\\ts-node\\src\\index.ts","function":"Module.m._compile","line":439,"method":"_compile","native":false},{"column":10,"file":"internal/modules/cjs/loader.js","function":"Module._extensions..js","line":665,"method":".js","native":false},{"column":12,"file":"D:\\Development\\Nodejs\\projects\\Generic-Server\\code\\generic server\\node_modules\\ts-node\\src\\index.ts","function":"Object.require.extensions.(anonymous function) [as .ts]","line":442,"method":"ts]","native":false},{"column":32,"file":"internal/modules/cjs/loader.js","function":"Module.load","line":566,"method":"load","native":false},{"column":12,"file":"internal/modules/cjs/loader.js","function":"tryModuleLoad","line":506,"method":null,"native":false},{"column":3,"file":"internal/modules/cjs/loader.js","function":"Module._load","line":498,"method":"_load","native":false},{"column":17,"file":"internal/modules/cjs/loader.js","function":"Module.require","line":598,"method":"require","native":false},{"column":18,"file":"internal/modules/cjs/helpers.js","function":"require","line":11,"method":null,"native":false},{"column":1,"file":"D:\\Development\\Nodejs\\projects\\Generic-Server\\code\\generic server\\src\\controllers\\user-controller.ts","function":null,"line":4,"method":null,"native":false},{"column":30,"file":"internal/modules/cjs/loader.js","function":"Module._compile","line":654,"method":"_compile","native":false},{"column":23,"file":"D:\\Development\\Nodejs\\projects\\Generic-Server\\code\\generic server\\node_modules\\ts-node\\src\\index.ts","function":"Module.m._compile","line":439,"method":"_compile","native":false},{"column":10,"file":"internal/modules/cjs/loader.js","function":"Module._extensions..js","line":665,"method":".js","native":false},{"column":12,"file":"D:\\Development\\Nodejs\\projects\\Generic-Server\\code\\generic server\\node_modules\\ts-node\\src\\index.ts","function":"Object.require.extensions.(anonymous function) [as .ts]","line":442,"method":"ts]","native":false},{"column":32,"file":"internal/modules/cjs/loader.js","function":"Module.load","line":566,"method":"load","native":false}],"timestamp":"2018-11-25T09:32:23.615Z"}
[31merror[39m: [31muncaughtException: Schema is not a constructor[39m
[31mTypeError: Schema is not a constructor[39m
[31m    at Object.<anonymous> (D:\Development\Nodejs\projects\Generic-Server\code\generic server\src\models\user.ts:8:27)[39m
[31m    at Module._compile (internal/modules/cjs/loader.js:654:30)[39m
[31m    at Module.m._compile (D:\Development\Nodejs\projects\Generic-Server\code\generic server\node_modules\ts-node\src\index.ts:439:23)[39m
[31m    at Module._extensions..js (internal/modules/cjs/loader.js:665:10)[39m
[31m    at Object.require.extensions.(anonymous function) [as .ts] (D:\Development\Nodejs\projects\Generic-Server\code\generic server\node_modules\ts-node\src\index.ts:442:12)[39m
[31m    at Module.load (internal/modules/cjs/loader.js:566:32)[39m
[31m    at tryModuleLoad (internal/modules/cjs/loader.js:506:12)[39m
[31m    at Function.Module._load (internal/modules/cjs/loader.js:498:3)[39m
[31m    at Module.require (internal/modules/cjs/loader.js:598:17)[39m
[31m    at require (internal/modules/cjs/helpers.js:11:18)[39m
[31m    at Object.<anonymous> (D:\Development\Nodejs\projects\Generic-Server\code\generic server\src\controllers\user-controller.ts:4:1)[39m
[31m    at Module._compile (internal/modules/cjs/loader.js:654:30)[39m
[31m    at Module.m._compile (D:\Development\Nodejs\projects\Generic-Server\code\generic server\node_modules\ts-node\src\index.ts:439:23)[39m
[31m    at Module._extensions..js (internal/modules/cjs/loader.js:665:10)[39m
[31m    at Object.require.extensions.(anonymous function) [as .ts] (D:\Development\Nodejs\projects\Generic-Server\code\generic server\node_modules\ts-node\src\index.ts:442:12)[39m
[31m    at Module.load (internal/modules/cjs/loader.js:566:32)[39m {"error":{},"stack":"TypeError: Schema is not a constructor\n    at Object.<anonymous> (D:\\Development\\Nodejs\\projects\\Generic-Server\\code\\generic server\\src\\models\\user.ts:8:27)\n    at Module._compile (internal/modules/cjs/loader.js:654:30)\n    at Module.m._compile (D:\\Development\\Nodejs\\projects\\Generic-Server\\code\\generic server\\node_modules\\ts-node\\src\\index.ts:439:23)\n    at Module._extensions..js (internal/modules/cjs/loader.js:665:10)\n    at Object.require.extensions.(anonymous function) [as .ts] (D:\\Development\\Nodejs\\projects\\Generic-Server\\code\\generic server\\node_modules\\ts-node\\src\\index.ts:442:12)\n    at Module.load (internal/modules/cjs/loader.js:566:32)\n    at tryModuleLoad (internal/modules/cjs/loader.js:506:12)\n    at Function.Module._load (internal/modules/cjs/loader.js:498:3)\n    at Module.require (internal/modules/cjs/loader.js:598:17)\n    at require (internal/modules/cjs/helpers.js:11:18)\n    at Object.<anonymous> (D:\\Development\\Nodejs\\projects\\Generic-Server\\code\\generic server\\src\\controllers\\user-controller.ts:4:1)\n    at Module._compile (internal/modules/cjs/loader.js:654:30)\n    at Module.m._compile (D:\\Development\\Nodejs\\projects\\Generic-Server\\code\\generic server\\node_modules\\ts-node\\src\\index.ts:439:23)\n    at Module._extensions..js (internal/modules/cjs/loader.js:665:10)\n    at Object.require.extensions.(anonymous function) [as .ts] (D:\\Development\\Nodejs\\projects\\Generic-Server\\code\\generic server\\node_modules\\ts-node\\src\\index.ts:442:12)\n    at Module.load (internal/modules/cjs/loader.js:566:32)","exception":true,"date":"Sun Nov 25 2018 16:36:53 GMT+0530 (India Standard Time)","process":{"pid":6060,"uid":null,"gid":null,"cwd":"D:\\Development\\Nodejs\\projects\\Generic-Server\\code\\generic server","execPath":"C:\\Program Files\\nodejs\\node.exe","version":"v9.11.1","argv":["node","D:\\Development\\Nodejs\\projects\\Generic-Server\\code\\generic server\\src\\app.ts"],"memoryUsage":{"rss":74498048,"heapTotal":72572928,"heapUsed":39590976,"external":18381815}},"os":{"loadavg":[0,0,0],"uptime":255628.2223765},"trace":[{"column":27,"file":"D:\\Development\\Nodejs\\projects\\Generic-Server\\code\\generic server\\src\\models\\user.ts","function":null,"line":8,"method":null,"native":false},{"column":30,"file":"internal/modules/cjs/loader.js","function":"Module._compile","line":654,"method":"_compile","native":false},{"column":23,"file":"D:\\Development\\Nodejs\\projects\\Generic-Server\\code\\generic server\\node_modules\\ts-node\\src\\index.ts","function":"Module.m._compile","line":439,"method":"_compile","native":false},{"column":10,"file":"internal/modules/cjs/loader.js","function":"Module._extensions..js","line":665,"method":".js","native":false},{"column":12,"file":"D:\\Development\\Nodejs\\projects\\Generic-Server\\code\\generic server\\node_modules\\ts-node\\src\\index.ts","function":"Object.require.extensions.(anonymous function) [as .ts]","line":442,"method":"ts]","native":false},{"column":32,"file":"internal/modules/cjs/loader.js","function":"Module.load","line":566,"method":"load","native":false},{"column":12,"file":"internal/modules/cjs/loader.js","function":"tryModuleLoad","line":506,"method":null,"native":false},{"column":3,"file":"internal/modules/cjs/loader.js","function":"Module._load","line":498,"method":"_load","native":false},{"column":17,"file":"internal/modules/cjs/loader.js","function":"Module.require","line":598,"method":"require","native":false},{"column":18,"file":"internal/modules/cjs/helpers.js","function":"require","line":11,"method":null,"native":false},{"column":1,"file":"D:\\Development\\Nodejs\\projects\\Generic-Server\\code\\generic server\\src\\controllers\\user-controller.ts","function":null,"line":4,"method":null,"native":false},{"column":30,"file":"internal/modules/cjs/loader.js","function":"Module._compile","line":654,"method":"_compile","native":false},{"column":23,"file":"D:\\Development\\Nodejs\\projects\\Generic-Server\\code\\generic server\\node_modules\\ts-node\\src\\index.ts","function":"Module.m._compile","line":439,"method":"_compile","native":false},{"column":10,"file":"internal/modules/cjs/loader.js","function":"Module._extensions..js","line":665,"method":".js","native":false},{"column":12,"file":"D:\\Development\\Nodejs\\projects\\Generic-Server\\code\\generic server\\node_modules\\ts-node\\src\\index.ts","function":"Object.require.extensions.(anonymous function) [as .ts]","line":442,"method":"ts]","native":false},{"column":32,"file":"internal/modules/cjs/loader.js","function":"Module.load","line":566,"method":"load","native":false}],"timestamp":"2018-11-25T11:06:53.729Z"}
[31merror[39m: [31muncaughtException: Schema is not a constructor[39m
[31mTypeError: Schema is not a constructor[39m
[31m    at Object.<anonymous> (D:\Development\Nodejs\projects\Generic-Server\code\generic server\src\models\user.ts:8:27)[39m
[31m    at Module._compile (internal/modules/cjs/loader.js:654:30)[39m
[31m    at Module.m._compile (D:\Development\Nodejs\projects\Generic-Server\code\generic server\node_modules\ts-node\src\index.ts:439:23)[39m
[31m    at Module._extensions..js (internal/modules/cjs/loader.js:665:10)[39m
[31m    at Object.require.extensions.(anonymous function) [as .ts] (D:\Development\Nodejs\projects\Generic-Server\code\generic server\node_modules\ts-node\src\index.ts:442:12)[39m
[31m    at Module.load (internal/modules/cjs/loader.js:566:32)[39m
[31m    at tryModuleLoad (internal/modules/cjs/loader.js:506:12)[39m
[31m    at Function.Module._load (internal/modules/cjs/loader.js:498:3)[39m
[31m    at Module.require (internal/modules/cjs/loader.js:598:17)[39m
[31m    at require (internal/modules/cjs/helpers.js:11:18)[39m
[31m    at Object.<anonymous> (D:\Development\Nodejs\projects\Generic-Server\code\generic server\src\controllers\user-controller.ts:4:1)[39m
[31m    at Module._compile (internal/modules/cjs/loader.js:654:30)[39m
[31m    at Module.m._compile (D:\Development\Nodejs\projects\Generic-Server\code\generic server\node_modules\ts-node\src\index.ts:439:23)[39m
[31m    at Module._extensions..js (internal/modules/cjs/loader.js:665:10)[39m
[31m    at Object.require.extensions.(anonymous function) [as .ts] (D:\Development\Nodejs\projects\Generic-Server\code\generic server\node_modules\ts-node\src\index.ts:442:12)[39m
[31m    at Module.load (internal/modules/cjs/loader.js:566:32)[39m {"error":{},"stack":"TypeError: Schema is not a constructor\n    at Object.<anonymous> (D:\\Development\\Nodejs\\projects\\Generic-Server\\code\\generic server\\src\\models\\user.ts:8:27)\n    at Module._compile (internal/modules/cjs/loader.js:654:30)\n    at Module.m._compile (D:\\Development\\Nodejs\\projects\\Generic-Server\\code\\generic server\\node_modules\\ts-node\\src\\index.ts:439:23)\n    at Module._extensions..js (internal/modules/cjs/loader.js:665:10)\n    at Object.require.extensions.(anonymous function) [as .ts] (D:\\Development\\Nodejs\\projects\\Generic-Server\\code\\generic server\\node_modules\\ts-node\\src\\index.ts:442:12)\n    at Module.load (internal/modules/cjs/loader.js:566:32)\n    at tryModuleLoad (internal/modules/cjs/loader.js:506:12)\n    at Function.Module._load (internal/modules/cjs/loader.js:498:3)\n    at Module.require (internal/modules/cjs/loader.js:598:17)\n    at require (internal/modules/cjs/helpers.js:11:18)\n    at Object.<anonymous> (D:\\Development\\Nodejs\\projects\\Generic-Server\\code\\generic server\\src\\controllers\\user-controller.ts:4:1)\n    at Module._compile (internal/modules/cjs/loader.js:654:30)\n    at Module.m._compile (D:\\Development\\Nodejs\\projects\\Generic-Server\\code\\generic server\\node_modules\\ts-node\\src\\index.ts:439:23)\n    at Module._extensions..js (internal/modules/cjs/loader.js:665:10)\n    at Object.require.extensions.(anonymous function) [as .ts] (D:\\Development\\Nodejs\\projects\\Generic-Server\\code\\generic server\\node_modules\\ts-node\\src\\index.ts:442:12)\n    at Module.load (internal/modules/cjs/loader.js:566:32)","exception":true,"date":"Sun Nov 25 2018 16:37:35 GMT+0530 (India Standard Time)","process":{"pid":320,"uid":null,"gid":null,"cwd":"D:\\Development\\Nodejs\\projects\\Generic-Server\\code\\generic server","execPath":"C:\\Program Files\\nodejs\\node.exe","version":"v9.11.1","argv":["node","D:\\Development\\Nodejs\\projects\\Generic-Server\\code\\generic server\\src\\app.ts"],"memoryUsage":{"rss":74080256,"heapTotal":72048640,"heapUsed":40792112,"external":18483632}},"os":{"loadavg":[0,0,0],"uptime":255670.3976084},"trace":[{"column":27,"file":"D:\\Development\\Nodejs\\projects\\Generic-Server\\code\\generic server\\src\\models\\user.ts","function":null,"line":8,"method":null,"native":false},{"column":30,"file":"internal/modules/cjs/loader.js","function":"Module._compile","line":654,"method":"_compile","native":false},{"column":23,"file":"D:\\Development\\Nodejs\\projects\\Generic-Server\\code\\generic server\\node_modules\\ts-node\\src\\index.ts","function":"Module.m._compile","line":439,"method":"_compile","native":false},{"column":10,"file":"internal/modules/cjs/loader.js","function":"Module._extensions..js","line":665,"method":".js","native":false},{"column":12,"file":"D:\\Development\\Nodejs\\projects\\Generic-Server\\code\\generic server\\node_modules\\ts-node\\src\\index.ts","function":"Object.require.extensions.(anonymous function) [as .ts]","line":442,"method":"ts]","native":false},{"column":32,"file":"internal/modules/cjs/loader.js","function":"Module.load","line":566,"method":"load","native":false},{"column":12,"file":"internal/modules/cjs/loader.js","function":"tryModuleLoad","line":506,"method":null,"native":false},{"column":3,"file":"internal/modules/cjs/loader.js","function":"Module._load","line":498,"method":"_load","native":false},{"column":17,"file":"internal/modules/cjs/loader.js","function":"Module.require","line":598,"method":"require","native":false},{"column":18,"file":"internal/modules/cjs/helpers.js","function":"require","line":11,"method":null,"native":false},{"column":1,"file":"D:\\Development\\Nodejs\\projects\\Generic-Server\\code\\generic server\\src\\controllers\\user-controller.ts","function":null,"line":4,"method":null,"native":false},{"column":30,"file":"internal/modules/cjs/loader.js","function":"Module._compile","line":654,"method":"_compile","native":false},{"column":23,"file":"D:\\Development\\Nodejs\\projects\\Generic-Server\\code\\generic server\\node_modules\\ts-node\\src\\index.ts","function":"Module.m._compile","line":439,"method":"_compile","native":false},{"column":10,"file":"internal/modules/cjs/loader.js","function":"Module._extensions..js","line":665,"method":".js","native":false},{"column":12,"file":"D:\\Development\\Nodejs\\projects\\Generic-Server\\code\\generic server\\node_modules\\ts-node\\src\\index.ts","function":"Object.require.extensions.(anonymous function) [as .ts]","line":442,"method":"ts]","native":false},{"column":32,"file":"internal/modules/cjs/loader.js","function":"Module.load","line":566,"method":"load","native":false}],"timestamp":"2018-11-25T11:07:35.896Z"}
[31merror[39m: [31muncaughtException: mongoose.Schema is not a function[39m
[31mTypeError: mongoose.Schema is not a function[39m
[31m    at Object.<anonymous> (D:\Development\Nodejs\projects\Generic-Server\code\generic server\src\models\user.ts:8:36)[39m
[31m    at Module._compile (internal/modules/cjs/loader.js:654:30)[39m
[31m    at Module.m._compile (D:\Development\Nodejs\projects\Generic-Server\code\generic server\node_modules\ts-node\src\index.ts:439:23)[39m
[31m    at Module._extensions..js (internal/modules/cjs/loader.js:665:10)[39m
[31m    at Object.require.extensions.(anonymous function) [as .ts] (D:\Development\Nodejs\projects\Generic-Server\code\generic server\node_modules\ts-node\src\index.ts:442:12)[39m
[31m    at Module.load (internal/modules/cjs/loader.js:566:32)[39m
[31m    at tryModuleLoad (internal/modules/cjs/loader.js:506:12)[39m
[31m    at Function.Module._load (internal/modules/cjs/loader.js:498:3)[39m
[31m    at Module.require (internal/modules/cjs/loader.js:598:17)[39m
[31m    at require (internal/modules/cjs/helpers.js:11:18)[39m
[31m    at Object.<anonymous> (D:\Development\Nodejs\projects\Generic-Server\code\generic server\src\controllers\user-controller.ts:4:1)[39m
[31m    at Module._compile (internal/modules/cjs/loader.js:654:30)[39m
[31m    at Module.m._compile (D:\Development\Nodejs\projects\Generic-Server\code\generic server\node_modules\ts-node\src\index.ts:439:23)[39m
[31m    at Module._extensions..js (internal/modules/cjs/loader.js:665:10)[39m
[31m    at Object.require.extensions.(anonymous function) [as .ts] (D:\Development\Nodejs\projects\Generic-Server\code\generic server\node_modules\ts-node\src\index.ts:442:12)[39m
[31m    at Module.load (internal/modules/cjs/loader.js:566:32)[39m {"error":{},"stack":"TypeError: mongoose.Schema is not a function\n    at Object.<anonymous> (D:\\Development\\Nodejs\\projects\\Generic-Server\\code\\generic server\\src\\models\\user.ts:8:36)\n    at Module._compile (internal/modules/cjs/loader.js:654:30)\n    at Module.m._compile (D:\\Development\\Nodejs\\projects\\Generic-Server\\code\\generic server\\node_modules\\ts-node\\src\\index.ts:439:23)\n    at Module._extensions..js (internal/modules/cjs/loader.js:665:10)\n    at Object.require.extensions.(anonymous function) [as .ts] (D:\\Development\\Nodejs\\projects\\Generic-Server\\code\\generic server\\node_modules\\ts-node\\src\\index.ts:442:12)\n    at Module.load (internal/modules/cjs/loader.js:566:32)\n    at tryModuleLoad (internal/modules/cjs/loader.js:506:12)\n    at Function.Module._load (internal/modules/cjs/loader.js:498:3)\n    at Module.require (internal/modules/cjs/loader.js:598:17)\n    at require (internal/modules/cjs/helpers.js:11:18)\n    at Object.<anonymous> (D:\\Development\\Nodejs\\projects\\Generic-Server\\code\\generic server\\src\\controllers\\user-controller.ts:4:1)\n    at Module._compile (internal/modules/cjs/loader.js:654:30)\n    at Module.m._compile (D:\\Development\\Nodejs\\projects\\Generic-Server\\code\\generic server\\node_modules\\ts-node\\src\\index.ts:439:23)\n    at Module._extensions..js (internal/modules/cjs/loader.js:665:10)\n    at Object.require.extensions.(anonymous function) [as .ts] (D:\\Development\\Nodejs\\projects\\Generic-Server\\code\\generic server\\node_modules\\ts-node\\src\\index.ts:442:12)\n    at Module.load (internal/modules/cjs/loader.js:566:32)","exception":true,"date":"Sun Nov 25 2018 16:39:50 GMT+0530 (India Standard Time)","process":{"pid":10036,"uid":null,"gid":null,"cwd":"D:\\Development\\Nodejs\\projects\\Generic-Server\\code\\generic server","execPath":"C:\\Program Files\\nodejs\\node.exe","version":"v9.11.1","argv":["node","D:\\Development\\Nodejs\\projects\\Generic-Server\\code\\generic server\\src\\app.ts"],"memoryUsage":{"rss":128901120,"heapTotal":108896256,"heapUsed":88353048,"external":18751668}},"os":{"loadavg":[0,0,0],"uptime":255804.856925},"trace":[{"column":36,"file":"D:\\Development\\Nodejs\\projects\\Generic-Server\\code\\generic server\\src\\models\\user.ts","function":null,"line":8,"method":null,"native":false},{"column":30,"file":"internal/modules/cjs/loader.js","function":"Module._compile","line":654,"method":"_compile","native":false},{"column":23,"file":"D:\\Development\\Nodejs\\projects\\Generic-Server\\code\\generic server\\node_modules\\ts-node\\src\\index.ts","function":"Module.m._compile","line":439,"method":"_compile","native":false},{"column":10,"file":"internal/modules/cjs/loader.js","function":"Module._extensions..js","line":665,"method":".js","native":false},{"column":12,"file":"D:\\Development\\Nodejs\\projects\\Generic-Server\\code\\generic server\\node_modules\\ts-node\\src\\index.ts","function":"Object.require.extensions.(anonymous function) [as .ts]","line":442,"method":"ts]","native":false},{"column":32,"file":"internal/modules/cjs/loader.js","function":"Module.load","line":566,"method":"load","native":false},{"column":12,"file":"internal/modules/cjs/loader.js","function":"tryModuleLoad","line":506,"method":null,"native":false},{"column":3,"file":"internal/modules/cjs/loader.js","function":"Module._load","line":498,"method":"_load","native":false},{"column":17,"file":"internal/modules/cjs/loader.js","function":"Module.require","line":598,"method":"require","native":false},{"column":18,"file":"internal/modules/cjs/helpers.js","function":"require","line":11,"method":null,"native":false},{"column":1,"file":"D:\\Development\\Nodejs\\projects\\Generic-Server\\code\\generic server\\src\\controllers\\user-controller.ts","function":null,"line":4,"method":null,"native":false},{"column":30,"file":"internal/modules/cjs/loader.js","function":"Module._compile","line":654,"method":"_compile","native":false},{"column":23,"file":"D:\\Development\\Nodejs\\projects\\Generic-Server\\code\\generic server\\node_modules\\ts-node\\src\\index.ts","function":"Module.m._compile","line":439,"method":"_compile","native":false},{"column":10,"file":"internal/modules/cjs/loader.js","function":"Module._extensions..js","line":665,"method":".js","native":false},{"column":12,"file":"D:\\Development\\Nodejs\\projects\\Generic-Server\\code\\generic server\\node_modules\\ts-node\\src\\index.ts","function":"Object.require.extensions.(anonymous function) [as .ts]","line":442,"method":"ts]","native":false},{"column":32,"file":"internal/modules/cjs/loader.js","function":"Module.load","line":566,"method":"load","native":false}],"timestamp":"2018-11-25T11:09:50.356Z"}
[31merror[39m: [31muncaughtException: mongoose.Schema is not a function[39m
[31mTypeError: mongoose.Schema is not a function[39m
[31m    at Object.<anonymous> (D:\Development\Nodejs\projects\Generic-Server\code\generic server\src\models\user.ts:8:36)[39m
[31m    at Module._compile (internal/modules/cjs/loader.js:654:30)[39m
[31m    at Module.m._compile (D:\Development\Nodejs\projects\Generic-Server\code\generic server\node_modules\ts-node\src\index.ts:439:23)[39m
[31m    at Module._extensions..js (internal/modules/cjs/loader.js:665:10)[39m
[31m    at Object.require.extensions.(anonymous function) [as .ts] (D:\Development\Nodejs\projects\Generic-Server\code\generic server\node_modules\ts-node\src\index.ts:442:12)[39m
[31m    at Module.load (internal/modules/cjs/loader.js:566:32)[39m
[31m    at tryModuleLoad (internal/modules/cjs/loader.js:506:12)[39m
[31m    at Function.Module._load (internal/modules/cjs/loader.js:498:3)[39m
[31m    at Module.require (internal/modules/cjs/loader.js:598:17)[39m
[31m    at require (internal/modules/cjs/helpers.js:11:18)[39m
[31m    at Object.<anonymous> (D:\Development\Nodejs\projects\Generic-Server\code\generic server\src\controllers\user-controller.ts:4:1)[39m
[31m    at Module._compile (internal/modules/cjs/loader.js:654:30)[39m
[31m    at Module.m._compile (D:\Development\Nodejs\projects\Generic-Server\code\generic server\node_modules\ts-node\src\index.ts:439:23)[39m
[31m    at Module._extensions..js (internal/modules/cjs/loader.js:665:10)[39m
[31m    at Object.require.extensions.(anonymous function) [as .ts] (D:\Development\Nodejs\projects\Generic-Server\code\generic server\node_modules\ts-node\src\index.ts:442:12)[39m
[31m    at Module.load (internal/modules/cjs/loader.js:566:32)[39m {"error":{},"stack":"TypeError: mongoose.Schema is not a function\n    at Object.<anonymous> (D:\\Development\\Nodejs\\projects\\Generic-Server\\code\\generic server\\src\\models\\user.ts:8:36)\n    at Module._compile (internal/modules/cjs/loader.js:654:30)\n    at Module.m._compile (D:\\Development\\Nodejs\\projects\\Generic-Server\\code\\generic server\\node_modules\\ts-node\\src\\index.ts:439:23)\n    at Module._extensions..js (internal/modules/cjs/loader.js:665:10)\n    at Object.require.extensions.(anonymous function) [as .ts] (D:\\Development\\Nodejs\\projects\\Generic-Server\\code\\generic server\\node_modules\\ts-node\\src\\index.ts:442:12)\n    at Module.load (internal/modules/cjs/loader.js:566:32)\n    at tryModuleLoad (internal/modules/cjs/loader.js:506:12)\n    at Function.Module._load (internal/modules/cjs/loader.js:498:3)\n    at Module.require (internal/modules/cjs/loader.js:598:17)\n    at require (internal/modules/cjs/helpers.js:11:18)\n    at Object.<anonymous> (D:\\Development\\Nodejs\\projects\\Generic-Server\\code\\generic server\\src\\controllers\\user-controller.ts:4:1)\n    at Module._compile (internal/modules/cjs/loader.js:654:30)\n    at Module.m._compile (D:\\Development\\Nodejs\\projects\\Generic-Server\\code\\generic server\\node_modules\\ts-node\\src\\index.ts:439:23)\n    at Module._extensions..js (internal/modules/cjs/loader.js:665:10)\n    at Object.require.extensions.(anonymous function) [as .ts] (D:\\Development\\Nodejs\\projects\\Generic-Server\\code\\generic server\\node_modules\\ts-node\\src\\index.ts:442:12)\n    at Module.load (internal/modules/cjs/loader.js:566:32)","exception":true,"date":"Sun Nov 25 2018 16:43:57 GMT+0530 (India Standard Time)","process":{"pid":8360,"uid":null,"gid":null,"cwd":"D:\\Development\\Nodejs\\projects\\Generic-Server\\code\\generic server","execPath":"C:\\Program Files\\nodejs\\node.exe","version":"v9.11.1","argv":["node","D:\\Development\\Nodejs\\projects\\Generic-Server\\code\\generic server\\src\\app.ts"],"memoryUsage":{"rss":126697472,"heapTotal":112566272,"heapUsed":87559688,"external":18759970}},"os":{"loadavg":[0,0,0],"uptime":256051.6549574},"trace":[{"column":36,"file":"D:\\Development\\Nodejs\\projects\\Generic-Server\\code\\generic server\\src\\models\\user.ts","function":null,"line":8,"method":null,"native":false},{"column":30,"file":"internal/modules/cjs/loader.js","function":"Module._compile","line":654,"method":"_compile","native":false},{"column":23,"file":"D:\\Development\\Nodejs\\projects\\Generic-Server\\code\\generic server\\node_modules\\ts-node\\src\\index.ts","function":"Module.m._compile","line":439,"method":"_compile","native":false},{"column":10,"file":"internal/modules/cjs/loader.js","function":"Module._extensions..js","line":665,"method":".js","native":false},{"column":12,"file":"D:\\Development\\Nodejs\\projects\\Generic-Server\\code\\generic server\\node_modules\\ts-node\\src\\index.ts","function":"Object.require.extensions.(anonymous function) [as .ts]","line":442,"method":"ts]","native":false},{"column":32,"file":"internal/modules/cjs/loader.js","function":"Module.load","line":566,"method":"load","native":false},{"column":12,"file":"internal/modules/cjs/loader.js","function":"tryModuleLoad","line":506,"method":null,"native":false},{"column":3,"file":"internal/modules/cjs/loader.js","function":"Module._load","line":498,"method":"_load","native":false},{"column":17,"file":"internal/modules/cjs/loader.js","function":"Module.require","line":598,"method":"require","native":false},{"column":18,"file":"internal/modules/cjs/helpers.js","function":"require","line":11,"method":null,"native":false},{"column":1,"file":"D:\\Development\\Nodejs\\projects\\Generic-Server\\code\\generic server\\src\\controllers\\user-controller.ts","function":null,"line":4,"method":null,"native":false},{"column":30,"file":"internal/modules/cjs/loader.js","function":"Module._compile","line":654,"method":"_compile","native":false},{"column":23,"file":"D:\\Development\\Nodejs\\projects\\Generic-Server\\code\\generic server\\node_modules\\ts-node\\src\\index.ts","function":"Module.m._compile","line":439,"method":"_compile","native":false},{"column":10,"file":"internal/modules/cjs/loader.js","function":"Module._extensions..js","line":665,"method":".js","native":false},{"column":12,"file":"D:\\Development\\Nodejs\\projects\\Generic-Server\\code\\generic server\\node_modules\\ts-node\\src\\index.ts","function":"Object.require.extensions.(anonymous function) [as .ts]","line":442,"method":"ts]","native":false},{"column":32,"file":"internal/modules/cjs/loader.js","function":"Module.load","line":566,"method":"load","native":false}],"timestamp":"2018-11-25T11:13:57.154Z"}
[31merror[39m: [31muncaughtException: Schema is not a constructor[39m
[31mTypeError: Schema is not a constructor[39m
[31m    at Object.<anonymous> (D:\Development\Nodejs\projects\Generic-Server\code\generic server\src\models\user.ts:8:27)[39m
[31m    at Module._compile (internal/modules/cjs/loader.js:654:30)[39m
[31m    at Module.m._compile (D:\Development\Nodejs\projects\Generic-Server\code\generic server\node_modules\ts-node\src\index.ts:439:23)[39m
[31m    at Module._extensions..js (internal/modules/cjs/loader.js:665:10)[39m
[31m    at Object.require.extensions.(anonymous function) [as .ts] (D:\Development\Nodejs\projects\Generic-Server\code\generic server\node_modules\ts-node\src\index.ts:442:12)[39m
[31m    at Module.load (internal/modules/cjs/loader.js:566:32)[39m
[31m    at tryModuleLoad (internal/modules/cjs/loader.js:506:12)[39m
[31m    at Function.Module._load (internal/modules/cjs/loader.js:498:3)[39m
[31m    at Module.require (internal/modules/cjs/loader.js:598:17)[39m
[31m    at require (internal/modules/cjs/helpers.js:11:18)[39m
[31m    at Object.<anonymous> (D:\Development\Nodejs\projects\Generic-Server\code\generic server\src\controllers\user-controller.ts:4:1)[39m
[31m    at Module._compile (internal/modules/cjs/loader.js:654:30)[39m
[31m    at Module.m._compile (D:\Development\Nodejs\projects\Generic-Server\code\generic server\node_modules\ts-node\src\index.ts:439:23)[39m
[31m    at Module._extensions..js (internal/modules/cjs/loader.js:665:10)[39m
[31m    at Object.require.extensions.(anonymous function) [as .ts] (D:\Development\Nodejs\projects\Generic-Server\code\generic server\node_modules\ts-node\src\index.ts:442:12)[39m
[31m    at Module.load (internal/modules/cjs/loader.js:566:32)[39m {"error":{},"stack":"TypeError: Schema is not a constructor\n    at Object.<anonymous> (D:\\Development\\Nodejs\\projects\\Generic-Server\\code\\generic server\\src\\models\\user.ts:8:27)\n    at Module._compile (internal/modules/cjs/loader.js:654:30)\n    at Module.m._compile (D:\\Development\\Nodejs\\projects\\Generic-Server\\code\\generic server\\node_modules\\ts-node\\src\\index.ts:439:23)\n    at Module._extensions..js (internal/modules/cjs/loader.js:665:10)\n    at Object.require.extensions.(anonymous function) [as .ts] (D:\\Development\\Nodejs\\projects\\Generic-Server\\code\\generic server\\node_modules\\ts-node\\src\\index.ts:442:12)\n    at Module.load (internal/modules/cjs/loader.js:566:32)\n    at tryModuleLoad (internal/modules/cjs/loader.js:506:12)\n    at Function.Module._load (internal/modules/cjs/loader.js:498:3)\n    at Module.require (internal/modules/cjs/loader.js:598:17)\n    at require (internal/modules/cjs/helpers.js:11:18)\n    at Object.<anonymous> (D:\\Development\\Nodejs\\projects\\Generic-Server\\code\\generic server\\src\\controllers\\user-controller.ts:4:1)\n    at Module._compile (internal/modules/cjs/loader.js:654:30)\n    at Module.m._compile (D:\\Development\\Nodejs\\projects\\Generic-Server\\code\\generic server\\node_modules\\ts-node\\src\\index.ts:439:23)\n    at Module._extensions..js (internal/modules/cjs/loader.js:665:10)\n    at Object.require.extensions.(anonymous function) [as .ts] (D:\\Development\\Nodejs\\projects\\Generic-Server\\code\\generic server\\node_modules\\ts-node\\src\\index.ts:442:12)\n    at Module.load (internal/modules/cjs/loader.js:566:32)","exception":true,"date":"Sun Nov 25 2018 16:44:28 GMT+0530 (India Standard Time)","process":{"pid":7488,"uid":null,"gid":null,"cwd":"D:\\Development\\Nodejs\\projects\\Generic-Server\\code\\generic server","execPath":"C:\\Program Files\\nodejs\\node.exe","version":"v9.11.1","argv":["node","D:\\Development\\Nodejs\\projects\\Generic-Server\\code\\generic server\\src\\app.ts"],"memoryUsage":{"rss":129445888,"heapTotal":108896256,"heapUsed":88510272,"external":18751790}},"os":{"loadavg":[0,0,0],"uptime":256082.5438628},"trace":[{"column":27,"file":"D:\\Development\\Nodejs\\projects\\Generic-Server\\code\\generic server\\src\\models\\user.ts","function":null,"line":8,"method":null,"native":false},{"column":30,"file":"internal/modules/cjs/loader.js","function":"Module._compile","line":654,"method":"_compile","native":false},{"column":23,"file":"D:\\Development\\Nodejs\\projects\\Generic-Server\\code\\generic server\\node_modules\\ts-node\\src\\index.ts","function":"Module.m._compile","line":439,"method":"_compile","native":false},{"column":10,"file":"internal/modules/cjs/loader.js","function":"Module._extensions..js","line":665,"method":".js","native":false},{"column":12,"file":"D:\\Development\\Nodejs\\projects\\Generic-Server\\code\\generic server\\node_modules\\ts-node\\src\\index.ts","function":"Object.require.extensions.(anonymous function) [as .ts]","line":442,"method":"ts]","native":false},{"column":32,"file":"internal/modules/cjs/loader.js","function":"Module.load","line":566,"method":"load","native":false},{"column":12,"file":"internal/modules/cjs/loader.js","function":"tryModuleLoad","line":506,"method":null,"native":false},{"column":3,"file":"internal/modules/cjs/loader.js","function":"Module._load","line":498,"method":"_load","native":false},{"column":17,"file":"internal/modules/cjs/loader.js","function":"Module.require","line":598,"method":"require","native":false},{"column":18,"file":"internal/modules/cjs/helpers.js","function":"require","line":11,"method":null,"native":false},{"column":1,"file":"D:\\Development\\Nodejs\\projects\\Generic-Server\\code\\generic server\\src\\controllers\\user-controller.ts","function":null,"line":4,"method":null,"native":false},{"column":30,"file":"internal/modules/cjs/loader.js","function":"Module._compile","line":654,"method":"_compile","native":false},{"column":23,"file":"D:\\Development\\Nodejs\\projects\\Generic-Server\\code\\generic server\\node_modules\\ts-node\\src\\index.ts","function":"Module.m._compile","line":439,"method":"_compile","native":false},{"column":10,"file":"internal/modules/cjs/loader.js","function":"Module._extensions..js","line":665,"method":".js","native":false},{"column":12,"file":"D:\\Development\\Nodejs\\projects\\Generic-Server\\code\\generic server\\node_modules\\ts-node\\src\\index.ts","function":"Object.require.extensions.(anonymous function) [as .ts]","line":442,"method":"ts]","native":false},{"column":32,"file":"internal/modules/cjs/loader.js","function":"Module.load","line":566,"method":"load","native":false}],"timestamp":"2018-11-25T11:14:28.058Z"}
[31merror[39m: [31muncaughtException: Schema is not a constructor[39m
[31mTypeError: Schema is not a constructor[39m
[31m    at Object.<anonymous> (D:\Development\Nodejs\projects\Generic-Server\code\generic server\src\models\user.ts:9:27)[39m
[31m    at Module._compile (internal/modules/cjs/loader.js:654:30)[39m
[31m    at Module.m._compile (D:\Development\Nodejs\projects\Generic-Server\code\generic server\node_modules\ts-node\src\index.ts:439:23)[39m
[31m    at Module._extensions..js (internal/modules/cjs/loader.js:665:10)[39m
[31m    at Object.require.extensions.(anonymous function) [as .ts] (D:\Development\Nodejs\projects\Generic-Server\code\generic server\node_modules\ts-node\src\index.ts:442:12)[39m
[31m    at Module.load (internal/modules/cjs/loader.js:566:32)[39m
[31m    at tryModuleLoad (internal/modules/cjs/loader.js:506:12)[39m
[31m    at Function.Module._load (internal/modules/cjs/loader.js:498:3)[39m
[31m    at Module.require (internal/modules/cjs/loader.js:598:17)[39m
[31m    at require (internal/modules/cjs/helpers.js:11:18)[39m
[31m    at Object.<anonymous> (D:\Development\Nodejs\projects\Generic-Server\code\generic server\src\controllers\user-controller.ts:4:1)[39m
[31m    at Module._compile (internal/modules/cjs/loader.js:654:30)[39m
[31m    at Module.m._compile (D:\Development\Nodejs\projects\Generic-Server\code\generic server\node_modules\ts-node\src\index.ts:439:23)[39m
[31m    at Module._extensions..js (internal/modules/cjs/loader.js:665:10)[39m
[31m    at Object.require.extensions.(anonymous function) [as .ts] (D:\Development\Nodejs\projects\Generic-Server\code\generic server\node_modules\ts-node\src\index.ts:442:12)[39m
[31m    at Module.load (internal/modules/cjs/loader.js:566:32)[39m {"error":{},"stack":"TypeError: Schema is not a constructor\n    at Object.<anonymous> (D:\\Development\\Nodejs\\projects\\Generic-Server\\code\\generic server\\src\\models\\user.ts:9:27)\n    at Module._compile (internal/modules/cjs/loader.js:654:30)\n    at Module.m._compile (D:\\Development\\Nodejs\\projects\\Generic-Server\\code\\generic server\\node_modules\\ts-node\\src\\index.ts:439:23)\n    at Module._extensions..js (internal/modules/cjs/loader.js:665:10)\n    at Object.require.extensions.(anonymous function) [as .ts] (D:\\Development\\Nodejs\\projects\\Generic-Server\\code\\generic server\\node_modules\\ts-node\\src\\index.ts:442:12)\n    at Module.load (internal/modules/cjs/loader.js:566:32)\n    at tryModuleLoad (internal/modules/cjs/loader.js:506:12)\n    at Function.Module._load (internal/modules/cjs/loader.js:498:3)\n    at Module.require (internal/modules/cjs/loader.js:598:17)\n    at require (internal/modules/cjs/helpers.js:11:18)\n    at Object.<anonymous> (D:\\Development\\Nodejs\\projects\\Generic-Server\\code\\generic server\\src\\controllers\\user-controller.ts:4:1)\n    at Module._compile (internal/modules/cjs/loader.js:654:30)\n    at Module.m._compile (D:\\Development\\Nodejs\\projects\\Generic-Server\\code\\generic server\\node_modules\\ts-node\\src\\index.ts:439:23)\n    at Module._extensions..js (internal/modules/cjs/loader.js:665:10)\n    at Object.require.extensions.(anonymous function) [as .ts] (D:\\Development\\Nodejs\\projects\\Generic-Server\\code\\generic server\\node_modules\\ts-node\\src\\index.ts:442:12)\n    at Module.load (internal/modules/cjs/loader.js:566:32)","exception":true,"date":"Sun Nov 25 2018 16:59:29 GMT+0530 (India Standard Time)","process":{"pid":11984,"uid":null,"gid":null,"cwd":"D:\\Development\\Nodejs\\projects\\Generic-Server\\code\\generic server","execPath":"C:\\Program Files\\nodejs\\node.exe","version":"v9.11.1","argv":["node","D:\\Development\\Nodejs\\projects\\Generic-Server\\code\\generic server\\src\\app.ts"],"memoryUsage":{"rss":133726208,"heapTotal":114663424,"heapUsed":82249024,"external":18364349}},"os":{"loadavg":[0,0,0],"uptime":256984.2620923},"trace":[{"column":27,"file":"D:\\Development\\Nodejs\\projects\\Generic-Server\\code\\generic server\\src\\models\\user.ts","function":null,"line":9,"method":null,"native":false},{"column":30,"file":"internal/modules/cjs/loader.js","function":"Module._compile","line":654,"method":"_compile","native":false},{"column":23,"file":"D:\\Development\\Nodejs\\projects\\Generic-Server\\code\\generic server\\node_modules\\ts-node\\src\\index.ts","function":"Module.m._compile","line":439,"method":"_compile","native":false},{"column":10,"file":"internal/modules/cjs/loader.js","function":"Module._extensions..js","line":665,"method":".js","native":false},{"column":12,"file":"D:\\Development\\Nodejs\\projects\\Generic-Server\\code\\generic server\\node_modules\\ts-node\\src\\index.ts","function":"Object.require.extensions.(anonymous function) [as .ts]","line":442,"method":"ts]","native":false},{"column":32,"file":"internal/modules/cjs/loader.js","function":"Module.load","line":566,"method":"load","native":false},{"column":12,"file":"internal/modules/cjs/loader.js","function":"tryModuleLoad","line":506,"method":null,"native":false},{"column":3,"file":"internal/modules/cjs/loader.js","function":"Module._load","line":498,"method":"_load","native":false},{"column":17,"file":"internal/modules/cjs/loader.js","function":"Module.require","line":598,"method":"require","native":false},{"column":18,"file":"internal/modules/cjs/helpers.js","function":"require","line":11,"method":null,"native":false},{"column":1,"file":"D:\\Development\\Nodejs\\projects\\Generic-Server\\code\\generic server\\src\\controllers\\user-controller.ts","function":null,"line":4,"method":null,"native":false},{"column":30,"file":"internal/modules/cjs/loader.js","function":"Module._compile","line":654,"method":"_compile","native":false},{"column":23,"file":"D:\\Development\\Nodejs\\projects\\Generic-Server\\code\\generic server\\node_modules\\ts-node\\src\\index.ts","function":"Module.m._compile","line":439,"method":"_compile","native":false},{"column":10,"file":"internal/modules/cjs/loader.js","function":"Module._extensions..js","line":665,"method":".js","native":false},{"column":12,"file":"D:\\Development\\Nodejs\\projects\\Generic-Server\\code\\generic server\\node_modules\\ts-node\\src\\index.ts","function":"Object.require.extensions.(anonymous function) [as .ts]","line":442,"method":"ts]","native":false},{"column":32,"file":"internal/modules/cjs/loader.js","function":"Module.load","line":566,"method":"load","native":false}],"timestamp":"2018-11-25T11:29:29.761Z"}
[31merror[39m: [31muncaughtException: Cannot read property 'ObjectId' of undefined[39m
[31mTypeError: Cannot read property 'ObjectId' of undefined[39m
[31m    at Object.<anonymous> (D:\Development\Nodejs\projects\Generic-Server\code\generic server\src\models\user.ts:8:25)[39m
[31m    at Module._compile (internal/modules/cjs/loader.js:654:30)[39m
[31m    at Module.m._compile (D:\Development\Nodejs\projects\Generic-Server\code\generic server\node_modules\ts-node\src\index.ts:439:23)[39m
[31m    at Module._extensions..js (internal/modules/cjs/loader.js:665:10)[39m
[31m    at Object.require.extensions.(anonymous function) [as .ts] (D:\Development\Nodejs\projects\Generic-Server\code\generic server\node_modules\ts-node\src\index.ts:442:12)[39m
[31m    at Module.load (internal/modules/cjs/loader.js:566:32)[39m
[31m    at tryModuleLoad (internal/modules/cjs/loader.js:506:12)[39m
[31m    at Function.Module._load (internal/modules/cjs/loader.js:498:3)[39m
[31m    at Module.require (internal/modules/cjs/loader.js:598:17)[39m
[31m    at require (internal/modules/cjs/helpers.js:11:18)[39m
[31m    at Object.<anonymous> (D:\Development\Nodejs\projects\Generic-Server\code\generic server\src\controllers\user-controller.ts:4:1)[39m
[31m    at Module._compile (internal/modules/cjs/loader.js:654:30)[39m
[31m    at Module.m._compile (D:\Development\Nodejs\projects\Generic-Server\code\generic server\node_modules\ts-node\src\index.ts:439:23)[39m
[31m    at Module._extensions..js (internal/modules/cjs/loader.js:665:10)[39m
[31m    at Object.require.extensions.(anonymous function) [as .ts] (D:\Development\Nodejs\projects\Generic-Server\code\generic server\node_modules\ts-node\src\index.ts:442:12)[39m
[31m    at Module.load (internal/modules/cjs/loader.js:566:32)[39m {"error":{},"stack":"TypeError: Cannot read property 'ObjectId' of undefined\n    at Object.<anonymous> (D:\\Development\\Nodejs\\projects\\Generic-Server\\code\\generic server\\src\\models\\user.ts:8:25)\n    at Module._compile (internal/modules/cjs/loader.js:654:30)\n    at Module.m._compile (D:\\Development\\Nodejs\\projects\\Generic-Server\\code\\generic server\\node_modules\\ts-node\\src\\index.ts:439:23)\n    at Module._extensions..js (internal/modules/cjs/loader.js:665:10)\n    at Object.require.extensions.(anonymous function) [as .ts] (D:\\Development\\Nodejs\\projects\\Generic-Server\\code\\generic server\\node_modules\\ts-node\\src\\index.ts:442:12)\n    at Module.load (internal/modules/cjs/loader.js:566:32)\n    at tryModuleLoad (internal/modules/cjs/loader.js:506:12)\n    at Function.Module._load (internal/modules/cjs/loader.js:498:3)\n    at Module.require (internal/modules/cjs/loader.js:598:17)\n    at require (internal/modules/cjs/helpers.js:11:18)\n    at Object.<anonymous> (D:\\Development\\Nodejs\\projects\\Generic-Server\\code\\generic server\\src\\controllers\\user-controller.ts:4:1)\n    at Module._compile (internal/modules/cjs/loader.js:654:30)\n    at Module.m._compile (D:\\Development\\Nodejs\\projects\\Generic-Server\\code\\generic server\\node_modules\\ts-node\\src\\index.ts:439:23)\n    at Module._extensions..js (internal/modules/cjs/loader.js:665:10)\n    at Object.require.extensions.(anonymous function) [as .ts] (D:\\Development\\Nodejs\\projects\\Generic-Server\\code\\generic server\\node_modules\\ts-node\\src\\index.ts:442:12)\n    at Module.load (internal/modules/cjs/loader.js:566:32)","exception":true,"date":"Sun Nov 25 2018 17:00:12 GMT+0530 (India Standard Time)","process":{"pid":9080,"uid":null,"gid":null,"cwd":"D:\\Development\\Nodejs\\projects\\Generic-Server\\code\\generic server","execPath":"C:\\Program Files\\nodejs\\node.exe","version":"v9.11.1","argv":["node","D:\\Development\\Nodejs\\projects\\Generic-Server\\code\\generic server\\src\\app.ts"],"memoryUsage":{"rss":126185472,"heapTotal":112566272,"heapUsed":87898120,"external":18760221}},"os":{"loadavg":[0,0,0],"uptime":257026.6046559},"trace":[{"column":25,"file":"D:\\Development\\Nodejs\\projects\\Generic-Server\\code\\generic server\\src\\models\\user.ts","function":null,"line":8,"method":null,"native":false},{"column":30,"file":"internal/modules/cjs/loader.js","function":"Module._compile","line":654,"method":"_compile","native":false},{"column":23,"file":"D:\\Development\\Nodejs\\projects\\Generic-Server\\code\\generic server\\node_modules\\ts-node\\src\\index.ts","function":"Module.m._compile","line":439,"method":"_compile","native":false},{"column":10,"file":"internal/modules/cjs/loader.js","function":"Module._extensions..js","line":665,"method":".js","native":false},{"column":12,"file":"D:\\Development\\Nodejs\\projects\\Generic-Server\\code\\generic server\\node_modules\\ts-node\\src\\index.ts","function":"Object.require.extensions.(anonymous function) [as .ts]","line":442,"method":"ts]","native":false},{"column":32,"file":"internal/modules/cjs/loader.js","function":"Module.load","line":566,"method":"load","native":false},{"column":12,"file":"internal/modules/cjs/loader.js","function":"tryModuleLoad","line":506,"method":null,"native":false},{"column":3,"file":"internal/modules/cjs/loader.js","function":"Module._load","line":498,"method":"_load","native":false},{"column":17,"file":"internal/modules/cjs/loader.js","function":"Module.require","line":598,"method":"require","native":false},{"column":18,"file":"internal/modules/cjs/helpers.js","function":"require","line":11,"method":null,"native":false},{"column":1,"file":"D:\\Development\\Nodejs\\projects\\Generic-Server\\code\\generic server\\src\\controllers\\user-controller.ts","function":null,"line":4,"method":null,"native":false},{"column":30,"file":"internal/modules/cjs/loader.js","function":"Module._compile","line":654,"method":"_compile","native":false},{"column":23,"file":"D:\\Development\\Nodejs\\projects\\Generic-Server\\code\\generic server\\node_modules\\ts-node\\src\\index.ts","function":"Module.m._compile","line":439,"method":"_compile","native":false},{"column":10,"file":"internal/modules/cjs/loader.js","function":"Module._extensions..js","line":665,"method":".js","native":false},{"column":12,"file":"D:\\Development\\Nodejs\\projects\\Generic-Server\\code\\generic server\\node_modules\\ts-node\\src\\index.ts","function":"Object.require.extensions.(anonymous function) [as .ts]","line":442,"method":"ts]","native":false},{"column":32,"file":"internal/modules/cjs/loader.js","function":"Module.load","line":566,"method":"load","native":false}],"timestamp":"2018-11-25T11:30:12.119Z"}
[31merror[39m: [31muncaughtException: Cannot read property 'Types' of undefined[39m
[31mTypeError: Cannot read property 'Types' of undefined[39m
[31m    at Object.<anonymous> (D:\Development\Nodejs\projects\Generic-Server\code\generic server\src\models\user.ts:8:25)[39m
[31m    at Module._compile (internal/modules/cjs/loader.js:654:30)[39m
[31m    at Module.m._compile (D:\Development\Nodejs\projects\Generic-Server\code\generic server\node_modules\ts-node\src\index.ts:439:23)[39m
[31m    at Module._extensions..js (internal/modules/cjs/loader.js:665:10)[39m
[31m    at Object.require.extensions.(anonymous function) [as .ts] (D:\Development\Nodejs\projects\Generic-Server\code\generic server\node_modules\ts-node\src\index.ts:442:12)[39m
[31m    at Module.load (internal/modules/cjs/loader.js:566:32)[39m
[31m    at tryModuleLoad (internal/modules/cjs/loader.js:506:12)[39m
[31m    at Function.Module._load (internal/modules/cjs/loader.js:498:3)[39m
[31m    at Module.require (internal/modules/cjs/loader.js:598:17)[39m
[31m    at require (internal/modules/cjs/helpers.js:11:18)[39m
[31m    at Object.<anonymous> (D:\Development\Nodejs\projects\Generic-Server\code\generic server\src\controllers\user-controller.ts:4:1)[39m
[31m    at Module._compile (internal/modules/cjs/loader.js:654:30)[39m
[31m    at Module.m._compile (D:\Development\Nodejs\projects\Generic-Server\code\generic server\node_modules\ts-node\src\index.ts:439:23)[39m
[31m    at Module._extensions..js (internal/modules/cjs/loader.js:665:10)[39m
[31m    at Object.require.extensions.(anonymous function) [as .ts] (D:\Development\Nodejs\projects\Generic-Server\code\generic server\node_modules\ts-node\src\index.ts:442:12)[39m
[31m    at Module.load (internal/modules/cjs/loader.js:566:32)[39m {"error":{},"stack":"TypeError: Cannot read property 'Types' of undefined\n    at Object.<anonymous> (D:\\Development\\Nodejs\\projects\\Generic-Server\\code\\generic server\\src\\models\\user.ts:8:25)\n    at Module._compile (internal/modules/cjs/loader.js:654:30)\n    at Module.m._compile (D:\\Development\\Nodejs\\projects\\Generic-Server\\code\\generic server\\node_modules\\ts-node\\src\\index.ts:439:23)\n    at Module._extensions..js (internal/modules/cjs/loader.js:665:10)\n    at Object.require.extensions.(anonymous function) [as .ts] (D:\\Development\\Nodejs\\projects\\Generic-Server\\code\\generic server\\node_modules\\ts-node\\src\\index.ts:442:12)\n    at Module.load (internal/modules/cjs/loader.js:566:32)\n    at tryModuleLoad (internal/modules/cjs/loader.js:506:12)\n    at Function.Module._load (internal/modules/cjs/loader.js:498:3)\n    at Module.require (internal/modules/cjs/loader.js:598:17)\n    at require (internal/modules/cjs/helpers.js:11:18)\n    at Object.<anonymous> (D:\\Development\\Nodejs\\projects\\Generic-Server\\code\\generic server\\src\\controllers\\user-controller.ts:4:1)\n    at Module._compile (internal/modules/cjs/loader.js:654:30)\n    at Module.m._compile (D:\\Development\\Nodejs\\projects\\Generic-Server\\code\\generic server\\node_modules\\ts-node\\src\\index.ts:439:23)\n    at Module._extensions..js (internal/modules/cjs/loader.js:665:10)\n    at Object.require.extensions.(anonymous function) [as .ts] (D:\\Development\\Nodejs\\projects\\Generic-Server\\code\\generic server\\node_modules\\ts-node\\src\\index.ts:442:12)\n    at Module.load (internal/modules/cjs/loader.js:566:32)","exception":true,"date":"Sun Nov 25 2018 17:02:40 GMT+0530 (India Standard Time)","process":{"pid":10952,"uid":null,"gid":null,"cwd":"D:\\Development\\Nodejs\\projects\\Generic-Server\\code\\generic server","execPath":"C:\\Program Files\\nodejs\\node.exe","version":"v9.11.1","argv":["node","D:\\Development\\Nodejs\\projects\\Generic-Server\\code\\generic server\\src\\app.ts"],"memoryUsage":{"rss":133947392,"heapTotal":114663424,"heapUsed":82696048,"external":18398199}},"os":{"loadavg":[0,0,0],"uptime":257175.2334719},"trace":[{"column":25,"file":"D:\\Development\\Nodejs\\projects\\Generic-Server\\code\\generic server\\src\\models\\user.ts","function":null,"line":8,"method":null,"native":false},{"column":30,"file":"internal/modules/cjs/loader.js","function":"Module._compile","line":654,"method":"_compile","native":false},{"column":23,"file":"D:\\Development\\Nodejs\\projects\\Generic-Server\\code\\generic server\\node_modules\\ts-node\\src\\index.ts","function":"Module.m._compile","line":439,"method":"_compile","native":false},{"column":10,"file":"internal/modules/cjs/loader.js","function":"Module._extensions..js","line":665,"method":".js","native":false},{"column":12,"file":"D:\\Development\\Nodejs\\projects\\Generic-Server\\code\\generic server\\node_modules\\ts-node\\src\\index.ts","function":"Object.require.extensions.(anonymous function) [as .ts]","line":442,"method":"ts]","native":false},{"column":32,"file":"internal/modules/cjs/loader.js","function":"Module.load","line":566,"method":"load","native":false},{"column":12,"file":"internal/modules/cjs/loader.js","function":"tryModuleLoad","line":506,"method":null,"native":false},{"column":3,"file":"internal/modules/cjs/loader.js","function":"Module._load","line":498,"method":"_load","native":false},{"column":17,"file":"internal/modules/cjs/loader.js","function":"Module.require","line":598,"method":"require","native":false},{"column":18,"file":"internal/modules/cjs/helpers.js","function":"require","line":11,"method":null,"native":false},{"column":1,"file":"D:\\Development\\Nodejs\\projects\\Generic-Server\\code\\generic server\\src\\controllers\\user-controller.ts","function":null,"line":4,"method":null,"native":false},{"column":30,"file":"internal/modules/cjs/loader.js","function":"Module._compile","line":654,"method":"_compile","native":false},{"column":23,"file":"D:\\Development\\Nodejs\\projects\\Generic-Server\\code\\generic server\\node_modules\\ts-node\\src\\index.ts","function":"Module.m._compile","line":439,"method":"_compile","native":false},{"column":10,"file":"internal/modules/cjs/loader.js","function":"Module._extensions..js","line":665,"method":".js","native":false},{"column":12,"file":"D:\\Development\\Nodejs\\projects\\Generic-Server\\code\\generic server\\node_modules\\ts-node\\src\\index.ts","function":"Object.require.extensions.(anonymous function) [as .ts]","line":442,"method":"ts]","native":false},{"column":32,"file":"internal/modules/cjs/loader.js","function":"Module.load","line":566,"method":"load","native":false}],"timestamp":"2018-11-25T11:32:40.733Z"}
[31merror[39m: [31muncaughtException: Cannot read property 'ObjectId' of undefined[39m
[31mTypeError: Cannot read property 'ObjectId' of undefined[39m
[31m    at Object.<anonymous> (D:\Development\Nodejs\projects\Generic-Server\code\generic server\src\models\user.ts:8:25)[39m
[31m    at Module._compile (internal/modules/cjs/loader.js:654:30)[39m
[31m    at Module.m._compile (D:\Development\Nodejs\projects\Generic-Server\code\generic server\node_modules\ts-node\src\index.ts:439:23)[39m
[31m    at Module._extensions..js (internal/modules/cjs/loader.js:665:10)[39m
[31m    at Object.require.extensions.(anonymous function) [as .ts] (D:\Development\Nodejs\projects\Generic-Server\code\generic server\node_modules\ts-node\src\index.ts:442:12)[39m
[31m    at Module.load (internal/modules/cjs/loader.js:566:32)[39m
[31m    at tryModuleLoad (internal/modules/cjs/loader.js:506:12)[39m
[31m    at Function.Module._load (internal/modules/cjs/loader.js:498:3)[39m
[31m    at Module.require (internal/modules/cjs/loader.js:598:17)[39m
[31m    at require (internal/modules/cjs/helpers.js:11:18)[39m
[31m    at Object.<anonymous> (D:\Development\Nodejs\projects\Generic-Server\code\generic server\src\controllers\user-controller.ts:4:1)[39m
[31m    at Module._compile (internal/modules/cjs/loader.js:654:30)[39m
[31m    at Module.m._compile (D:\Development\Nodejs\projects\Generic-Server\code\generic server\node_modules\ts-node\src\index.ts:439:23)[39m
[31m    at Module._extensions..js (internal/modules/cjs/loader.js:665:10)[39m
[31m    at Object.require.extensions.(anonymous function) [as .ts] (D:\Development\Nodejs\projects\Generic-Server\code\generic server\node_modules\ts-node\src\index.ts:442:12)[39m
[31m    at Module.load (internal/modules/cjs/loader.js:566:32)[39m {"error":{},"stack":"TypeError: Cannot read property 'ObjectId' of undefined\n    at Object.<anonymous> (D:\\Development\\Nodejs\\projects\\Generic-Server\\code\\generic server\\src\\models\\user.ts:8:25)\n    at Module._compile (internal/modules/cjs/loader.js:654:30)\n    at Module.m._compile (D:\\Development\\Nodejs\\projects\\Generic-Server\\code\\generic server\\node_modules\\ts-node\\src\\index.ts:439:23)\n    at Module._extensions..js (internal/modules/cjs/loader.js:665:10)\n    at Object.require.extensions.(anonymous function) [as .ts] (D:\\Development\\Nodejs\\projects\\Generic-Server\\code\\generic server\\node_modules\\ts-node\\src\\index.ts:442:12)\n    at Module.load (internal/modules/cjs/loader.js:566:32)\n    at tryModuleLoad (internal/modules/cjs/loader.js:506:12)\n    at Function.Module._load (internal/modules/cjs/loader.js:498:3)\n    at Module.require (internal/modules/cjs/loader.js:598:17)\n    at require (internal/modules/cjs/helpers.js:11:18)\n    at Object.<anonymous> (D:\\Development\\Nodejs\\projects\\Generic-Server\\code\\generic server\\src\\controllers\\user-controller.ts:4:1)\n    at Module._compile (internal/modules/cjs/loader.js:654:30)\n    at Module.m._compile (D:\\Development\\Nodejs\\projects\\Generic-Server\\code\\generic server\\node_modules\\ts-node\\src\\index.ts:439:23)\n    at Module._extensions..js (internal/modules/cjs/loader.js:665:10)\n    at Object.require.extensions.(anonymous function) [as .ts] (D:\\Development\\Nodejs\\projects\\Generic-Server\\code\\generic server\\node_modules\\ts-node\\src\\index.ts:442:12)\n    at Module.load (internal/modules/cjs/loader.js:566:32)","exception":true,"date":"Sun Nov 25 2018 17:03:09 GMT+0530 (India Standard Time)","process":{"pid":7548,"uid":null,"gid":null,"cwd":"D:\\Development\\Nodejs\\projects\\Generic-Server\\code\\generic server","execPath":"C:\\Program Files\\nodejs\\node.exe","version":"v9.11.1","argv":["node","D:\\Development\\Nodejs\\projects\\Generic-Server\\code\\generic server\\src\\app.ts"],"memoryUsage":{"rss":74084352,"heapTotal":72048640,"heapUsed":40541928,"external":18473688}},"os":{"loadavg":[0,0,0],"uptime":257204.0923291},"trace":[{"column":25,"file":"D:\\Development\\Nodejs\\projects\\Generic-Server\\code\\generic server\\src\\models\\user.ts","function":null,"line":8,"method":null,"native":false},{"column":30,"file":"internal/modules/cjs/loader.js","function":"Module._compile","line":654,"method":"_compile","native":false},{"column":23,"file":"D:\\Development\\Nodejs\\projects\\Generic-Server\\code\\generic server\\node_modules\\ts-node\\src\\index.ts","function":"Module.m._compile","line":439,"method":"_compile","native":false},{"column":10,"file":"internal/modules/cjs/loader.js","function":"Module._extensions..js","line":665,"method":".js","native":false},{"column":12,"file":"D:\\Development\\Nodejs\\projects\\Generic-Server\\code\\generic server\\node_modules\\ts-node\\src\\index.ts","function":"Object.require.extensions.(anonymous function) [as .ts]","line":442,"method":"ts]","native":false},{"column":32,"file":"internal/modules/cjs/loader.js","function":"Module.load","line":566,"method":"load","native":false},{"column":12,"file":"internal/modules/cjs/loader.js","function":"tryModuleLoad","line":506,"method":null,"native":false},{"column":3,"file":"internal/modules/cjs/loader.js","function":"Module._load","line":498,"method":"_load","native":false},{"column":17,"file":"internal/modules/cjs/loader.js","function":"Module.require","line":598,"method":"require","native":false},{"column":18,"file":"internal/modules/cjs/helpers.js","function":"require","line":11,"method":null,"native":false},{"column":1,"file":"D:\\Development\\Nodejs\\projects\\Generic-Server\\code\\generic server\\src\\controllers\\user-controller.ts","function":null,"line":4,"method":null,"native":false},{"column":30,"file":"internal/modules/cjs/loader.js","function":"Module._compile","line":654,"method":"_compile","native":false},{"column":23,"file":"D:\\Development\\Nodejs\\projects\\Generic-Server\\code\\generic server\\node_modules\\ts-node\\src\\index.ts","function":"Module.m._compile","line":439,"method":"_compile","native":false},{"column":10,"file":"internal/modules/cjs/loader.js","function":"Module._extensions..js","line":665,"method":".js","native":false},{"column":12,"file":"D:\\Development\\Nodejs\\projects\\Generic-Server\\code\\generic server\\node_modules\\ts-node\\src\\index.ts","function":"Object.require.extensions.(anonymous function) [as .ts]","line":442,"method":"ts]","native":false},{"column":32,"file":"internal/modules/cjs/loader.js","function":"Module.load","line":566,"method":"load","native":false}],"timestamp":"2018-11-25T11:33:09.591Z"}
[31merror[39m: [31muncaughtException: Cannot read property 'ObjectId' of undefined[39m
[31mTypeError: Cannot read property 'ObjectId' of undefined[39m
[31m    at Object.<anonymous> (D:\Development\Nodejs\projects\Generic-Server\code\generic server\src\models\user.ts:8:25)[39m
[31m    at Module._compile (internal/modules/cjs/loader.js:654:30)[39m
[31m    at Module.m._compile (D:\Development\Nodejs\projects\Generic-Server\code\generic server\node_modules\ts-node\src\index.ts:439:23)[39m
[31m    at Module._extensions..js (internal/modules/cjs/loader.js:665:10)[39m
[31m    at Object.require.extensions.(anonymous function) [as .ts] (D:\Development\Nodejs\projects\Generic-Server\code\generic server\node_modules\ts-node\src\index.ts:442:12)[39m
[31m    at Module.load (internal/modules/cjs/loader.js:566:32)[39m
[31m    at tryModuleLoad (internal/modules/cjs/loader.js:506:12)[39m
[31m    at Function.Module._load (internal/modules/cjs/loader.js:498:3)[39m
[31m    at Module.require (internal/modules/cjs/loader.js:598:17)[39m
[31m    at require (internal/modules/cjs/helpers.js:11:18)[39m
[31m    at Object.<anonymous> (D:\Development\Nodejs\projects\Generic-Server\code\generic server\src\controllers\user-controller.ts:4:1)[39m
[31m    at Module._compile (internal/modules/cjs/loader.js:654:30)[39m
[31m    at Module.m._compile (D:\Development\Nodejs\projects\Generic-Server\code\generic server\node_modules\ts-node\src\index.ts:439:23)[39m
[31m    at Module._extensions..js (internal/modules/cjs/loader.js:665:10)[39m
[31m    at Object.require.extensions.(anonymous function) [as .ts] (D:\Development\Nodejs\projects\Generic-Server\code\generic server\node_modules\ts-node\src\index.ts:442:12)[39m
[31m    at Module.load (internal/modules/cjs/loader.js:566:32)[39m {"error":{},"stack":"TypeError: Cannot read property 'ObjectId' of undefined\n    at Object.<anonymous> (D:\\Development\\Nodejs\\projects\\Generic-Server\\code\\generic server\\src\\models\\user.ts:8:25)\n    at Module._compile (internal/modules/cjs/loader.js:654:30)\n    at Module.m._compile (D:\\Development\\Nodejs\\projects\\Generic-Server\\code\\generic server\\node_modules\\ts-node\\src\\index.ts:439:23)\n    at Module._extensions..js (internal/modules/cjs/loader.js:665:10)\n    at Object.require.extensions.(anonymous function) [as .ts] (D:\\Development\\Nodejs\\projects\\Generic-Server\\code\\generic server\\node_modules\\ts-node\\src\\index.ts:442:12)\n    at Module.load (internal/modules/cjs/loader.js:566:32)\n    at tryModuleLoad (internal/modules/cjs/loader.js:506:12)\n    at Function.Module._load (internal/modules/cjs/loader.js:498:3)\n    at Module.require (internal/modules/cjs/loader.js:598:17)\n    at require (internal/modules/cjs/helpers.js:11:18)\n    at Object.<anonymous> (D:\\Development\\Nodejs\\projects\\Generic-Server\\code\\generic server\\src\\controllers\\user-controller.ts:4:1)\n    at Module._compile (internal/modules/cjs/loader.js:654:30)\n    at Module.m._compile (D:\\Development\\Nodejs\\projects\\Generic-Server\\code\\generic server\\node_modules\\ts-node\\src\\index.ts:439:23)\n    at Module._extensions..js (internal/modules/cjs/loader.js:665:10)\n    at Object.require.extensions.(anonymous function) [as .ts] (D:\\Development\\Nodejs\\projects\\Generic-Server\\code\\generic server\\node_modules\\ts-node\\src\\index.ts:442:12)\n    at Module.load (internal/modules/cjs/loader.js:566:32)","exception":true,"date":"Sun Nov 25 2018 17:03:42 GMT+0530 (India Standard Time)","process":{"pid":10504,"uid":null,"gid":null,"cwd":"D:\\Development\\Nodejs\\projects\\Generic-Server\\code\\generic server","execPath":"C:\\Program Files\\nodejs\\node.exe","version":"v9.11.1","argv":["node","D:\\Development\\Nodejs\\projects\\Generic-Server\\code\\generic server\\src\\app.ts"],"memoryUsage":{"rss":127295488,"heapTotal":113614848,"heapUsed":87048448,"external":18760221}},"os":{"loadavg":[0,0,0],"uptime":257236.9214548},"trace":[{"column":25,"file":"D:\\Development\\Nodejs\\projects\\Generic-Server\\code\\generic server\\src\\models\\user.ts","function":null,"line":8,"method":null,"native":false},{"column":30,"file":"internal/modules/cjs/loader.js","function":"Module._compile","line":654,"method":"_compile","native":false},{"column":23,"file":"D:\\Development\\Nodejs\\projects\\Generic-Server\\code\\generic server\\node_modules\\ts-node\\src\\index.ts","function":"Module.m._compile","line":439,"method":"_compile","native":false},{"column":10,"file":"internal/modules/cjs/loader.js","function":"Module._extensions..js","line":665,"method":".js","native":false},{"column":12,"file":"D:\\Development\\Nodejs\\projects\\Generic-Server\\code\\generic server\\node_modules\\ts-node\\src\\index.ts","function":"Object.require.extensions.(anonymous function) [as .ts]","line":442,"method":"ts]","native":false},{"column":32,"file":"internal/modules/cjs/loader.js","function":"Module.load","line":566,"method":"load","native":false},{"column":12,"file":"internal/modules/cjs/loader.js","function":"tryModuleLoad","line":506,"method":null,"native":false},{"column":3,"file":"internal/modules/cjs/loader.js","function":"Module._load","line":498,"method":"_load","native":false},{"column":17,"file":"internal/modules/cjs/loader.js","function":"Module.require","line":598,"method":"require","native":false},{"column":18,"file":"internal/modules/cjs/helpers.js","function":"require","line":11,"method":null,"native":false},{"column":1,"file":"D:\\Development\\Nodejs\\projects\\Generic-Server\\code\\generic server\\src\\controllers\\user-controller.ts","function":null,"line":4,"method":null,"native":false},{"column":30,"file":"internal/modules/cjs/loader.js","function":"Module._compile","line":654,"method":"_compile","native":false},{"column":23,"file":"D:\\Development\\Nodejs\\projects\\Generic-Server\\code\\generic server\\node_modules\\ts-node\\src\\index.ts","function":"Module.m._compile","line":439,"method":"_compile","native":false},{"column":10,"file":"internal/modules/cjs/loader.js","function":"Module._extensions..js","line":665,"method":".js","native":false},{"column":12,"file":"D:\\Development\\Nodejs\\projects\\Generic-Server\\code\\generic server\\node_modules\\ts-node\\src\\index.ts","function":"Object.require.extensions.(anonymous function) [as .ts]","line":442,"method":"ts]","native":false},{"column":32,"file":"internal/modules/cjs/loader.js","function":"Module.load","line":566,"method":"load","native":false}],"timestamp":"2018-11-25T11:33:42.421Z"}
[31merror[39m: [31muncaughtException: Schema is not a constructor[39m
[31mTypeError: Schema is not a constructor[39m
[31m    at Object.<anonymous> (D:\Development\Nodejs\projects\Generic-Server\code\generic server\src\models\user.ts:10:27)[39m
[31m    at Module._compile (internal/modules/cjs/loader.js:654:30)[39m
[31m    at Module.m._compile (D:\Development\Nodejs\projects\Generic-Server\code\generic server\node_modules\ts-node\src\index.ts:439:23)[39m
[31m    at Module._extensions..js (internal/modules/cjs/loader.js:665:10)[39m
[31m    at Object.require.extensions.(anonymous function) [as .ts] (D:\Development\Nodejs\projects\Generic-Server\code\generic server\node_modules\ts-node\src\index.ts:442:12)[39m
[31m    at Module.load (internal/modules/cjs/loader.js:566:32)[39m
[31m    at tryModuleLoad (internal/modules/cjs/loader.js:506:12)[39m
[31m    at Function.Module._load (internal/modules/cjs/loader.js:498:3)[39m
[31m    at Module.require (internal/modules/cjs/loader.js:598:17)[39m
[31m    at require (internal/modules/cjs/helpers.js:11:18)[39m
[31m    at Object.<anonymous> (D:\Development\Nodejs\projects\Generic-Server\code\generic server\src\controllers\user-controller.ts:4:1)[39m
[31m    at Module._compile (internal/modules/cjs/loader.js:654:30)[39m
[31m    at Module.m._compile (D:\Development\Nodejs\projects\Generic-Server\code\generic server\node_modules\ts-node\src\index.ts:439:23)[39m
[31m    at Module._extensions..js (internal/modules/cjs/loader.js:665:10)[39m
[31m    at Object.require.extensions.(anonymous function) [as .ts] (D:\Development\Nodejs\projects\Generic-Server\code\generic server\node_modules\ts-node\src\index.ts:442:12)[39m
[31m    at Module.load (internal/modules/cjs/loader.js:566:32)[39m {"error":{},"stack":"TypeError: Schema is not a constructor\n    at Object.<anonymous> (D:\\Development\\Nodejs\\projects\\Generic-Server\\code\\generic server\\src\\models\\user.ts:10:27)\n    at Module._compile (internal/modules/cjs/loader.js:654:30)\n    at Module.m._compile (D:\\Development\\Nodejs\\projects\\Generic-Server\\code\\generic server\\node_modules\\ts-node\\src\\index.ts:439:23)\n    at Module._extensions..js (internal/modules/cjs/loader.js:665:10)\n    at Object.require.extensions.(anonymous function) [as .ts] (D:\\Development\\Nodejs\\projects\\Generic-Server\\code\\generic server\\node_modules\\ts-node\\src\\index.ts:442:12)\n    at Module.load (internal/modules/cjs/loader.js:566:32)\n    at tryModuleLoad (internal/modules/cjs/loader.js:506:12)\n    at Function.Module._load (internal/modules/cjs/loader.js:498:3)\n    at Module.require (internal/modules/cjs/loader.js:598:17)\n    at require (internal/modules/cjs/helpers.js:11:18)\n    at Object.<anonymous> (D:\\Development\\Nodejs\\projects\\Generic-Server\\code\\generic server\\src\\controllers\\user-controller.ts:4:1)\n    at Module._compile (internal/modules/cjs/loader.js:654:30)\n    at Module.m._compile (D:\\Development\\Nodejs\\projects\\Generic-Server\\code\\generic server\\node_modules\\ts-node\\src\\index.ts:439:23)\n    at Module._extensions..js (internal/modules/cjs/loader.js:665:10)\n    at Object.require.extensions.(anonymous function) [as .ts] (D:\\Development\\Nodejs\\projects\\Generic-Server\\code\\generic server\\node_modules\\ts-node\\src\\index.ts:442:12)\n    at Module.load (internal/modules/cjs/loader.js:566:32)","exception":true,"date":"Sun Nov 25 2018 17:04:03 GMT+0530 (India Standard Time)","process":{"pid":9712,"uid":null,"gid":null,"cwd":"D:\\Development\\Nodejs\\projects\\Generic-Server\\code\\generic server","execPath":"C:\\Program Files\\nodejs\\node.exe","version":"v9.11.1","argv":["node","D:\\Development\\Nodejs\\projects\\Generic-Server\\code\\generic server\\src\\app.ts"],"memoryUsage":{"rss":129638400,"heapTotal":108896256,"heapUsed":88360792,"external":18752000}},"os":{"loadavg":[0,0,0],"uptime":257257.920641},"trace":[{"column":27,"file":"D:\\Development\\Nodejs\\projects\\Generic-Server\\code\\generic server\\src\\models\\user.ts","function":null,"line":10,"method":null,"native":false},{"column":30,"file":"internal/modules/cjs/loader.js","function":"Module._compile","line":654,"method":"_compile","native":false},{"column":23,"file":"D:\\Development\\Nodejs\\projects\\Generic-Server\\code\\generic server\\node_modules\\ts-node\\src\\index.ts","function":"Module.m._compile","line":439,"method":"_compile","native":false},{"column":10,"file":"internal/modules/cjs/loader.js","function":"Module._extensions..js","line":665,"method":".js","native":false},{"column":12,"file":"D:\\Development\\Nodejs\\projects\\Generic-Server\\code\\generic server\\node_modules\\ts-node\\src\\index.ts","function":"Object.require.extensions.(anonymous function) [as .ts]","line":442,"method":"ts]","native":false},{"column":32,"file":"internal/modules/cjs/loader.js","function":"Module.load","line":566,"method":"load","native":false},{"column":12,"file":"internal/modules/cjs/loader.js","function":"tryModuleLoad","line":506,"method":null,"native":false},{"column":3,"file":"internal/modules/cjs/loader.js","function":"Module._load","line":498,"method":"_load","native":false},{"column":17,"file":"internal/modules/cjs/loader.js","function":"Module.require","line":598,"method":"require","native":false},{"column":18,"file":"internal/modules/cjs/helpers.js","function":"require","line":11,"method":null,"native":false},{"column":1,"file":"D:\\Development\\Nodejs\\projects\\Generic-Server\\code\\generic server\\src\\controllers\\user-controller.ts","function":null,"line":4,"method":null,"native":false},{"column":30,"file":"internal/modules/cjs/loader.js","function":"Module._compile","line":654,"method":"_compile","native":false},{"column":23,"file":"D:\\Development\\Nodejs\\projects\\Generic-Server\\code\\generic server\\node_modules\\ts-node\\src\\index.ts","function":"Module.m._compile","line":439,"method":"_compile","native":false},{"column":10,"file":"internal/modules/cjs/loader.js","function":"Module._extensions..js","line":665,"method":".js","native":false},{"column":12,"file":"D:\\Development\\Nodejs\\projects\\Generic-Server\\code\\generic server\\node_modules\\ts-node\\src\\index.ts","function":"Object.require.extensions.(anonymous function) [as .ts]","line":442,"method":"ts]","native":false},{"column":32,"file":"internal/modules/cjs/loader.js","function":"Module.load","line":566,"method":"load","native":false}],"timestamp":"2018-11-25T11:34:03.435Z"}
[31merror[39m: [31muncaughtException: Schema is not a constructor[39m
[31mTypeError: Schema is not a constructor[39m
[31m    at Object.<anonymous> (D:\Development\Nodejs\projects\Generic-Server\code\generic server\src\models\user.ts:17:27)[39m
[31m    at Module._compile (internal/modules/cjs/loader.js:654:30)[39m
[31m    at Module.m._compile (D:\Development\Nodejs\projects\Generic-Server\code\generic server\node_modules\ts-node\src\index.ts:439:23)[39m
[31m    at Module._extensions..js (internal/modules/cjs/loader.js:665:10)[39m
[31m    at Object.require.extensions.(anonymous function) [as .ts] (D:\Development\Nodejs\projects\Generic-Server\code\generic server\node_modules\ts-node\src\index.ts:442:12)[39m
[31m    at Module.load (internal/modules/cjs/loader.js:566:32)[39m
[31m    at tryModuleLoad (internal/modules/cjs/loader.js:506:12)[39m
[31m    at Function.Module._load (internal/modules/cjs/loader.js:498:3)[39m
[31m    at Module.require (internal/modules/cjs/loader.js:598:17)[39m
[31m    at require (internal/modules/cjs/helpers.js:11:18)[39m
[31m    at Object.<anonymous> (D:\Development\Nodejs\projects\Generic-Server\code\generic server\src\controllers\user-controller.ts:4:1)[39m
[31m    at Module._compile (internal/modules/cjs/loader.js:654:30)[39m
[31m    at Module.m._compile (D:\Development\Nodejs\projects\Generic-Server\code\generic server\node_modules\ts-node\src\index.ts:439:23)[39m
[31m    at Module._extensions..js (internal/modules/cjs/loader.js:665:10)[39m
[31m    at Object.require.extensions.(anonymous function) [as .ts] (D:\Development\Nodejs\projects\Generic-Server\code\generic server\node_modules\ts-node\src\index.ts:442:12)[39m
[31m    at Module.load (internal/modules/cjs/loader.js:566:32)[39m {"error":{},"stack":"TypeError: Schema is not a constructor\n    at Object.<anonymous> (D:\\Development\\Nodejs\\projects\\Generic-Server\\code\\generic server\\src\\models\\user.ts:17:27)\n    at Module._compile (internal/modules/cjs/loader.js:654:30)\n    at Module.m._compile (D:\\Development\\Nodejs\\projects\\Generic-Server\\code\\generic server\\node_modules\\ts-node\\src\\index.ts:439:23)\n    at Module._extensions..js (internal/modules/cjs/loader.js:665:10)\n    at Object.require.extensions.(anonymous function) [as .ts] (D:\\Development\\Nodejs\\projects\\Generic-Server\\code\\generic server\\node_modules\\ts-node\\src\\index.ts:442:12)\n    at Module.load (internal/modules/cjs/loader.js:566:32)\n    at tryModuleLoad (internal/modules/cjs/loader.js:506:12)\n    at Function.Module._load (internal/modules/cjs/loader.js:498:3)\n    at Module.require (internal/modules/cjs/loader.js:598:17)\n    at require (internal/modules/cjs/helpers.js:11:18)\n    at Object.<anonymous> (D:\\Development\\Nodejs\\projects\\Generic-Server\\code\\generic server\\src\\controllers\\user-controller.ts:4:1)\n    at Module._compile (internal/modules/cjs/loader.js:654:30)\n    at Module.m._compile (D:\\Development\\Nodejs\\projects\\Generic-Server\\code\\generic server\\node_modules\\ts-node\\src\\index.ts:439:23)\n    at Module._extensions..js (internal/modules/cjs/loader.js:665:10)\n    at Object.require.extensions.(anonymous function) [as .ts] (D:\\Development\\Nodejs\\projects\\Generic-Server\\code\\generic server\\node_modules\\ts-node\\src\\index.ts:442:12)\n    at Module.load (internal/modules/cjs/loader.js:566:32)","exception":true,"date":"Sun Nov 25 2018 17:15:33 GMT+0530 (India Standard Time)","process":{"pid":8700,"uid":null,"gid":null,"cwd":"D:\\Development\\Nodejs\\projects\\Generic-Server\\code\\generic server","execPath":"C:\\Program Files\\nodejs\\node.exe","version":"v9.11.1","argv":["node","D:\\Development\\Nodejs\\projects\\Generic-Server\\code\\generic server\\src\\app.ts"],"memoryUsage":{"rss":133664768,"heapTotal":113614848,"heapUsed":83339472,"external":18456838}},"os":{"loadavg":[0,0,0],"uptime":257947.7053401},"trace":[{"column":27,"file":"D:\\Development\\Nodejs\\projects\\Generic-Server\\code\\generic server\\src\\models\\user.ts","function":null,"line":17,"method":null,"native":false},{"column":30,"file":"internal/modules/cjs/loader.js","function":"Module._compile","line":654,"method":"_compile","native":false},{"column":23,"file":"D:\\Development\\Nodejs\\projects\\Generic-Server\\code\\generic server\\node_modules\\ts-node\\src\\index.ts","function":"Module.m._compile","line":439,"method":"_compile","native":false},{"column":10,"file":"internal/modules/cjs/loader.js","function":"Module._extensions..js","line":665,"method":".js","native":false},{"column":12,"file":"D:\\Development\\Nodejs\\projects\\Generic-Server\\code\\generic server\\node_modules\\ts-node\\src\\index.ts","function":"Object.require.extensions.(anonymous function) [as .ts]","line":442,"method":"ts]","native":false},{"column":32,"file":"internal/modules/cjs/loader.js","function":"Module.load","line":566,"method":"load","native":false},{"column":12,"file":"internal/modules/cjs/loader.js","function":"tryModuleLoad","line":506,"method":null,"native":false},{"column":3,"file":"internal/modules/cjs/loader.js","function":"Module._load","line":498,"method":"_load","native":false},{"column":17,"file":"internal/modules/cjs/loader.js","function":"Module.require","line":598,"method":"require","native":false},{"column":18,"file":"internal/modules/cjs/helpers.js","function":"require","line":11,"method":null,"native":false},{"column":1,"file":"D:\\Development\\Nodejs\\projects\\Generic-Server\\code\\generic server\\src\\controllers\\user-controller.ts","function":null,"line":4,"method":null,"native":false},{"column":30,"file":"internal/modules/cjs/loader.js","function":"Module._compile","line":654,"method":"_compile","native":false},{"column":23,"file":"D:\\Development\\Nodejs\\projects\\Generic-Server\\code\\generic server\\node_modules\\ts-node\\src\\index.ts","function":"Module.m._compile","line":439,"method":"_compile","native":false},{"column":10,"file":"internal/modules/cjs/loader.js","function":"Module._extensions..js","line":665,"method":".js","native":false},{"column":12,"file":"D:\\Development\\Nodejs\\projects\\Generic-Server\\code\\generic server\\node_modules\\ts-node\\src\\index.ts","function":"Object.require.extensions.(anonymous function) [as .ts]","line":442,"method":"ts]","native":false},{"column":32,"file":"internal/modules/cjs/loader.js","function":"Module.load","line":566,"method":"load","native":false}],"timestamp":"2018-11-25T11:45:33.224Z"}
